<?xml version="1.0" encoding="UTF-8"?>
<coverage generated="1677872851034" clover="3.2.0">
  <project timestamp="1677872851034" name="All files">
    <metrics statements="69" coveredstatements="66" conditionals="7" coveredconditionals="6" methods="34" coveredmethods="31" elements="110" coveredelements="103" complexity="0" loc="69" ncloc="69" packages="4" files="7" classes="7"/>
    <package name="src">
      <metrics statements="1" coveredstatements="1" conditionals="0" coveredconditionals="0" methods="1" coveredmethods="1"/>
      <file name="App.js" path="/home/marcos-ranauro/Trybe/Projetos/sd-027-b-project-starwars-planets-search/src/App.js">
        <metrics statements="1" coveredstatements="1" conditionals="0" coveredconditionals="0" methods="1" coveredmethods="1"/>
        <line num="9" count="6" type="stmt"/>
      </file>
    </package>
    <package name="src.components">
      <metrics statements="34" coveredstatements="34" conditionals="1" coveredconditionals="1" methods="18" coveredmethods="18"/>
      <file name="NameFilter.jsx" path="/home/marcos-ranauro/Trybe/Projetos/sd-027-b-project-starwars-planets-search/src/components/NameFilter.jsx">
        <metrics statements="3" coveredstatements="3" conditionals="0" coveredconditionals="0" methods="2" coveredmethods="2"/>
        <line num="6" count="29" type="stmt"/>
        <line num="7" count="29" type="stmt"/>
        <line num="15" count="2" type="stmt"/>
      </file>
      <file name="NumberFilter.jsx" path="/home/marcos-ranauro/Trybe/Projetos/sd-027-b-project-starwars-planets-search/src/components/NumberFilter.jsx">
        <metrics statements="20" coveredstatements="20" conditionals="0" coveredconditionals="0" methods="11" coveredmethods="11"/>
        <line num="6" count="63" type="stmt"/>
        <line num="13" count="62" type="stmt"/>
        <line num="14" count="62" type="stmt"/>
        <line num="15" count="62" type="stmt"/>
        <line num="16" count="62" type="stmt"/>
        <line num="17" count="62" type="stmt"/>
        <line num="19" count="62" type="stmt"/>
        <line num="20" count="13" type="stmt"/>
        <line num="23" count="62" type="stmt"/>
        <line num="26" count="39" type="stmt"/>
        <line num="38" count="1" type="stmt"/>
        <line num="39" count="1" type="stmt"/>
        <line num="52" count="6" type="stmt"/>
        <line num="55" count="271" type="stmt"/>
        <line num="63" count="6" type="stmt"/>
        <line num="75" count="31" type="stmt"/>
        <line num="80" count="26" type="stmt"/>
        <line num="81" count="6" type="stmt"/>
        <line num="91" count="1" type="stmt"/>
        <line num="98" count="1" type="stmt"/>
      </file>
      <file name="Table.jsx" path="/home/marcos-ranauro/Trybe/Projetos/sd-027-b-project-starwars-planets-search/src/components/Table.jsx">
        <metrics statements="11" coveredstatements="11" conditionals="1" coveredconditionals="1" methods="5" coveredmethods="5"/>
        <line num="6" count="45" type="stmt"/>
        <line num="7" count="45" type="cond" truecount="1" falsecount="0"/>
        <line num="8" count="45" type="stmt"/>
        <line num="9" count="45" type="stmt"/>
        <line num="10" count="45" type="stmt"/>
        <line num="11" count="21" type="stmt"/>
        <line num="13" count="45" type="stmt"/>
        <line num="17" count="65" type="stmt"/>
        <line num="22" count="36" type="stmt"/>
        <line num="23" count="36" type="stmt"/>
        <line num="25" count="468" type="stmt"/>
      </file>
    </package>
    <package name="src.context">
      <metrics statements="33" coveredstatements="30" conditionals="6" coveredconditionals="5" methods="15" coveredmethods="12"/>
      <file name="ApiContext.jsx" path="/home/marcos-ranauro/Trybe/Projetos/sd-027-b-project-starwars-planets-search/src/context/ApiContext.jsx">
        <metrics statements="1" coveredstatements="1" conditionals="0" coveredconditionals="0" methods="0" coveredmethods="0"/>
        <line num="3" count="2" type="stmt"/>
      </file>
      <file name="ApiProvider.jsx" path="/home/marcos-ranauro/Trybe/Projetos/sd-027-b-project-starwars-planets-search/src/context/ApiProvider.jsx">
        <metrics statements="32" coveredstatements="29" conditionals="6" coveredconditionals="5" methods="15" coveredmethods="12"/>
        <line num="6" count="30" type="stmt"/>
        <line num="7" count="30" type="stmt"/>
        <line num="8" count="30" type="stmt"/>
        <line num="10" count="30" type="stmt"/>
        <line num="12" count="5" type="stmt"/>
        <line num="13" count="4" type="stmt"/>
        <line num="14" count="4" type="stmt"/>
        <line num="15" count="40" type="stmt"/>
        <line num="16" count="40" type="stmt"/>
        <line num="18" count="4" type="stmt"/>
        <line num="19" count="4" type="stmt"/>
        <line num="21" count="5" type="stmt"/>
        <line num="25" count="2" type="stmt"/>
        <line num="26" count="20" type="stmt"/>
        <line num="29" count="30" type="stmt"/>
        <line num="30" count="14" type="stmt"/>
        <line num="31" count="14" type="stmt"/>
        <line num="32" count="10" type="cond" truecount="2" falsecount="0"/>
        <line num="33" count="7" type="stmt"/>
        <line num="34" count="0" type="stmt"/>
        <line num="35" count="3" type="cond" truecount="2" falsecount="0"/>
        <line num="36" count="2" type="stmt"/>
        <line num="37" count="0" type="stmt"/>
        <line num="38" count="1" type="cond" truecount="1" falsecount="1"/>
        <line num="39" count="1" type="stmt"/>
        <line num="40" count="0" type="stmt"/>
        <line num="43" count="14" type="stmt"/>
        <line num="47" count="6" type="stmt"/>
        <line num="51" count="1" type="stmt"/>
        <line num="55" count="1" type="stmt"/>
        <line num="58" count="30" type="stmt"/>
        <line num="74" count="2" type="stmt"/>
      </file>
    </package>
    <package name="src.helpers">
      <metrics statements="1" coveredstatements="1" conditionals="0" coveredconditionals="0" methods="0" coveredmethods="0"/>
      <file name="mockData.js" path="/home/marcos-ranauro/Trybe/Projetos/sd-027-b-project-starwars-planets-search/src/helpers/mockData.js">
        <metrics statements="1" coveredstatements="1" conditionals="0" coveredconditionals="0" methods="0" coveredmethods="0"/>
        <line num="1" count="1" type="stmt"/>
      </file>
    </package>
  </project>
</coverage>
