{"total": {"lines":{"total":69,"covered":66,"skipped":0,"pct":95.65},"statements":{"total":72,"covered":69,"skipped":0,"pct":95.83},"functions":{"total":34,"covered":31,"skipped":0,"pct":91.17},"branches":{"total":7,"covered":6,"skipped":0,"pct":85.71},"branchesTrue":{"total":0,"covered":0,"skipped":0,"pct":100}}
,"/home/marcos-ranauro/Trybe/Projetos/sd-027-b-project-starwars-planets-search/src/App.js": {"lines":{"total":1,"covered":1,"skipped":0,"pct":100},"functions":{"total":1,"covered":1,"skipped":0,"pct":100},"statements":{"total":1,"covered":1,"skipped":0,"pct":100},"branches":{"total":0,"covered":0,"skipped":0,"pct":100}}
,"/home/marcos-ranauro/Trybe/Projetos/sd-027-b-project-starwars-planets-search/src/components/NameFilter.jsx": {"lines":{"total":3,"covered":3,"skipped":0,"pct":100},"functions":{"total":2,"covered":2,"skipped":0,"pct":100},"statements":{"total":3,"covered":3,"skipped":0,"pct":100},"branches":{"total":0,"covered":0,"skipped":0,"pct":100}}
,"/home/marcos-ranauro/Trybe/Projetos/sd-027-b-project-starwars-planets-search/src/components/NumberFilter.jsx": {"lines":{"total":20,"covered":20,"skipped":0,"pct":100},"functions":{"total":11,"covered":11,"skipped":0,"pct":100},"statements":{"total":21,"covered":21,"skipped":0,"pct":100},"branches":{"total":0,"covered":0,"skipped":0,"pct":100}}
,"/home/marcos-ranauro/Trybe/Projetos/sd-027-b-project-starwars-planets-search/src/components/Table.jsx": {"lines":{"total":11,"covered":11,"skipped":0,"pct":100},"functions":{"total":5,"covered":5,"skipped":0,"pct":100},"statements":{"total":11,"covered":11,"skipped":0,"pct":100},"branches":{"total":1,"covered":1,"skipped":0,"pct":100}}
,"/home/marcos-ranauro/Trybe/Projetos/sd-027-b-project-starwars-planets-search/src/context/ApiContext.jsx": {"lines":{"total":1,"covered":1,"skipped":0,"pct":100},"functions":{"total":0,"covered":0,"skipped":0,"pct":100},"statements":{"total":1,"covered":1,"skipped":0,"pct":100},"branches":{"total":0,"covered":0,"skipped":0,"pct":100}}
,"/home/marcos-ranauro/Trybe/Projetos/sd-027-b-project-starwars-planets-search/src/context/ApiProvider.jsx": {"lines":{"total":32,"covered":29,"skipped":0,"pct":90.62},"functions":{"total":15,"covered":12,"skipped":0,"pct":80},"statements":{"total":34,"covered":31,"skipped":0,"pct":91.17},"branches":{"total":6,"covered":5,"skipped":0,"pct":83.33}}
,"/home/marcos-ranauro/Trybe/Projetos/sd-027-b-project-starwars-planets-search/src/helpers/mockData.js": {"lines":{"total":1,"covered":1,"skipped":0,"pct":100},"functions":{"total":0,"covered":0,"skipped":0,"pct":100},"statements":{"total":1,"covered":1,"skipped":0,"pct":100},"branches":{"total":0,"covered":0,"skipped":0,"pct":100}}
}
