{"/home/marcos-ranauro/Trybe/Projetos/sd-027-b-project-starwars-planets-search/src/App.js": {"path":"/home/marcos-ranauro/Trybe/Projetos/sd-027-b-project-starwars-planets-search/src/App.js","statementMap":{"0":{"start":{"line":9,"column":2},"end":{"line":17,"column":4}}},"fnMap":{"0":{"name":"App","decl":{"start":{"line":8,"column":9},"end":{"line":8,"column":12}},"loc":{"start":{"line":8,"column":15},"end":{"line":18,"column":1}},"line":8}},"branchMap":{},"s":{"0":6},"f":{"0":6},"b":{},"_coverageSchema":"1a1c01bbd47fc00a2c39e90264f33305004495a9","hash":"caeaf3d7f5d8277cb2bee226c297e7ba32b4e612"}
,"/home/marcos-ranauro/Trybe/Projetos/sd-027-b-project-starwars-planets-search/src/components/NameFilter.jsx": {"path":"/home/marcos-ranauro/Trybe/Projetos/sd-027-b-project-starwars-planets-search/src/components/NameFilter.jsx","statementMap":{"0":{"start":{"line":6,"column":25},"end":{"line":6,"column":47}},"1":{"start":{"line":7,"column":2},"end":{"line":18,"column":4}},"2":{"start":{"line":15,"column":35},"end":{"line":15,"column":59}}},"fnMap":{"0":{"name":"NameFilter","decl":{"start":{"line":5,"column":9},"end":{"line":5,"column":19}},"loc":{"start":{"line":5,"column":22},"end":{"line":19,"column":1}},"line":5},"1":{"name":"(anonymous_1)","decl":{"start":{"line":15,"column":19},"end":{"line":15,"column":20}},"loc":{"start":{"line":15,"column":35},"end":{"line":15,"column":59}},"line":15}},"branchMap":{},"s":{"0":29,"1":29,"2":2},"f":{"0":29,"1":2},"b":{},"_coverageSchema":"1a1c01bbd47fc00a2c39e90264f33305004495a9","hash":"14031c60620dddd4b67cb2e2408e980190671eb9"}
,"/home/marcos-ranauro/Trybe/Projetos/sd-027-b-project-starwars-planets-search/src/components/NumberFilter.jsx": {"path":"/home/marcos-ranauro/Trybe/Projetos/sd-027-b-project-starwars-planets-search/src/components/NumberFilter.jsx","statementMap":{"0":{"start":{"line":6,"column":32},"end":{"line":12,"column":4}},"1":{"start":{"line":13,"column":30},"end":{"line":13,"column":50}},"2":{"start":{"line":14,"column":38},"end":{"line":14,"column":59}},"3":{"start":{"line":15,"column":30},"end":{"line":15,"column":41}},"4":{"start":{"line":16,"column":44},"end":{"line":16,"column":66}},"5":{"start":{"line":17,"column":59},"end":{"line":17,"column":81}},"6":{"start":{"line":19,"column":2},"end":{"line":21,"column":16}},"7":{"start":{"line":20,"column":4},"end":{"line":20,"column":26}},"8":{"start":{"line":23,"column":2},"end":{"line":106,"column":4}},"9":{"start":{"line":26,"column":8},"end":{"line":45,"column":14}},"10":{"start":{"line":38,"column":14},"end":{"line":38,"column":52}},"11":{"start":{"line":39,"column":14},"end":{"line":39,"column":47}},"12":{"start":{"line":52,"column":37},"end":{"line":52,"column":60}},"13":{"start":{"line":55,"column":41},"end":{"line":55,"column":87}},"14":{"start":{"line":63,"column":37},"end":{"line":63,"column":64}},"15":{"start":{"line":75,"column":37},"end":{"line":75,"column":60}},"16":{"start":{"line":80,"column":12},"end":{"line":80,"column":66}},"17":{"start":{"line":80,"column":48},"end":{"line":80,"column":63}},"18":{"start":{"line":81,"column":12},"end":{"line":81,"column":54}},"19":{"start":{"line":91,"column":12},"end":{"line":97,"column":15}},"20":{"start":{"line":98,"column":12},"end":{"line":98,"column":38}}},"fnMap":{"0":{"name":"NumberFilter","decl":{"start":{"line":5,"column":9},"end":{"line":5,"column":21}},"loc":{"start":{"line":5,"column":24},"end":{"line":107,"column":1}},"line":5},"1":{"name":"(anonymous_1)","decl":{"start":{"line":19,"column":12},"end":{"line":19,"column":13}},"loc":{"start":{"line":19,"column":18},"end":{"line":21,"column":3}},"line":19},"2":{"name":"(anonymous_2)","decl":{"start":{"line":25,"column":27},"end":{"line":25,"column":28}},"loc":{"start":{"line":26,"column":8},"end":{"line":45,"column":14}},"line":26},"3":{"name":"(anonymous_3)","decl":{"start":{"line":37,"column":22},"end":{"line":37,"column":23}},"loc":{"start":{"line":37,"column":28},"end":{"line":40,"column":13}},"line":37},"4":{"name":"(anonymous_4)","decl":{"start":{"line":52,"column":21},"end":{"line":52,"column":22}},"loc":{"start":{"line":52,"column":37},"end":{"line":52,"column":60}},"line":52},"5":{"name":"(anonymous_5)","decl":{"start":{"line":55,"column":24},"end":{"line":55,"column":25}},"loc":{"start":{"line":55,"column":41},"end":{"line":55,"column":87}},"line":55},"6":{"name":"(anonymous_6)","decl":{"start":{"line":63,"column":21},"end":{"line":63,"column":22}},"loc":{"start":{"line":63,"column":37},"end":{"line":63,"column":64}},"line":63},"7":{"name":"(anonymous_7)","decl":{"start":{"line":75,"column":21},"end":{"line":75,"column":22}},"loc":{"start":{"line":75,"column":37},"end":{"line":75,"column":60}},"line":75},"8":{"name":"(anonymous_8)","decl":{"start":{"line":79,"column":20},"end":{"line":79,"column":21}},"loc":{"start":{"line":79,"column":26},"end":{"line":82,"column":11}},"line":79},"9":{"name":"(anonymous_9)","decl":{"start":{"line":80,"column":38},"end":{"line":80,"column":39}},"loc":{"start":{"line":80,"column":48},"end":{"line":80,"column":63}},"line":80},"10":{"name":"(anonymous_10)","decl":{"start":{"line":90,"column":20},"end":{"line":90,"column":21}},"loc":{"start":{"line":90,"column":26},"end":{"line":99,"column":11}},"line":90}},"branchMap":{},"s":{"0":63,"1":62,"2":62,"3":62,"4":62,"5":62,"6":62,"7":13,"8":62,"9":39,"10":1,"11":1,"12":6,"13":271,"14":6,"15":31,"16":6,"17":26,"18":6,"19":1,"20":1},"f":{"0":63,"1":13,"2":39,"3":1,"4":6,"5":271,"6":6,"7":31,"8":6,"9":26,"10":1},"b":{},"_coverageSchema":"1a1c01bbd47fc00a2c39e90264f33305004495a9","hash":"704648eb016b2d19d8d1707b9179cb16f8038e75"}
,"/home/marcos-ranauro/Trybe/Projetos/sd-027-b-project-starwars-planets-search/src/components/Table.jsx": {"path":"/home/marcos-ranauro/Trybe/Projetos/sd-027-b-project-starwars-planets-search/src/components/Table.jsx","statementMap":{"0":{"start":{"line":6,"column":26},"end":{"line":6,"column":38}},"1":{"start":{"line":7,"column":27},"end":{"line":7,"column":31}},"2":{"start":{"line":8,"column":18},"end":{"line":8,"column":40}},"3":{"start":{"line":9,"column":30},"end":{"line":9,"column":52}},"4":{"start":{"line":10,"column":2},"end":{"line":12,"column":24}},"5":{"start":{"line":11,"column":4},"end":{"line":11,"column":29}},"6":{"start":{"line":13,"column":2},"end":{"line":31,"column":4}},"7":{"start":{"line":17,"column":34},"end":{"line":17,"column":62}},"8":{"start":{"line":22,"column":25},"end":{"line":22,"column":46}},"9":{"start":{"line":23,"column":10},"end":{"line":27,"column":12}},"10":{"start":{"line":25,"column":37},"end":{"line":25,"column":65}}},"fnMap":{"0":{"name":"Table","decl":{"start":{"line":5,"column":9},"end":{"line":5,"column":14}},"loc":{"start":{"line":5,"column":17},"end":{"line":32,"column":1}},"line":5},"1":{"name":"(anonymous_1)","decl":{"start":{"line":10,"column":12},"end":{"line":10,"column":13}},"loc":{"start":{"line":10,"column":18},"end":{"line":12,"column":3}},"line":10},"2":{"name":"(anonymous_2)","decl":{"start":{"line":17,"column":24},"end":{"line":17,"column":25}},"loc":{"start":{"line":17,"column":34},"end":{"line":17,"column":62}},"line":17},"3":{"name":"(anonymous_3)","decl":{"start":{"line":21,"column":19},"end":{"line":21,"column":20}},"loc":{"start":{"line":21,"column":31},"end":{"line":28,"column":9}},"line":21},"4":{"name":"(anonymous_4)","decl":{"start":{"line":25,"column":27},"end":{"line":25,"column":28}},"loc":{"start":{"line":25,"column":37},"end":{"line":25,"column":65}},"line":25}},"branchMap":{"0":{"loc":{"start":{"line":7,"column":9},"end":{"line":7,"column":23}},"type":"default-arg","locations":[{"start":{"line":7,"column":21},"end":{"line":7,"column":23}}],"line":7}},"s":{"0":45,"1":45,"2":45,"3":45,"4":45,"5":21,"6":45,"7":65,"8":36,"9":36,"10":468},"f":{"0":45,"1":21,"2":65,"3":36,"4":468},"b":{"0":[40]},"_coverageSchema":"1a1c01bbd47fc00a2c39e90264f33305004495a9","hash":"19de45aa303c7adb54939284d96062630c207e18"}
,"/home/marcos-ranauro/Trybe/Projetos/sd-027-b-project-starwars-planets-search/src/context/ApiContext.jsx": {"path":"/home/marcos-ranauro/Trybe/Projetos/sd-027-b-project-starwars-planets-search/src/context/ApiContext.jsx","statementMap":{"0":{"start":{"line":3,"column":19},"end":{"line":3,"column":34}}},"fnMap":{},"branchMap":{},"s":{"0":2},"f":{},"b":{},"_coverageSchema":"1a1c01bbd47fc00a2c39e90264f33305004495a9","hash":"40c7af4412e1c06118e325ea9b2be0f4a2ac134c"}
,"/home/marcos-ranauro/Trybe/Projetos/sd-027-b-project-starwars-planets-search/src/context/ApiProvider.jsx": {"path":"/home/marcos-ranauro/Trybe/Projetos/sd-027-b-project-starwars-planets-search/src/context/ApiProvider.jsx","statementMap":{"0":{"start":{"line":6,"column":32},"end":{"line":6,"column":44}},"1":{"start":{"line":7,"column":48},"end":{"line":7,"column":60}},"2":{"start":{"line":8,"column":46},"end":{"line":8,"column":58}},"3":{"start":{"line":10,"column":2},"end":{"line":22,"column":9}},"4":{"start":{"line":12,"column":23},"end":{"line":12,"column":67}},"5":{"start":{"line":13,"column":19},"end":{"line":13,"column":40}},"6":{"start":{"line":14,"column":26},"end":{"line":17,"column":8}},"7":{"start":{"line":15,"column":8},"end":{"line":15,"column":32}},"8":{"start":{"line":16,"column":8},"end":{"line":16,"column":22}},"9":{"start":{"line":18,"column":6},"end":{"line":18,"column":30}},"10":{"start":{"line":19,"column":6},"end":{"line":19,"column":38}},"11":{"start":{"line":21,"column":4},"end":{"line":21,"column":16}},"12":{"start":{"line":25,"column":18},"end":{"line":25,"column":44}},"13":{"start":{"line":26,"column":4},"end":{"line":26,"column":73}},"14":{"start":{"line":26,"column":48},"end":{"line":26,"column":70}},"15":{"start":{"line":29,"column":2},"end":{"line":44,"column":32}},"16":{"start":{"line":30,"column":21},"end":{"line":30,"column":28}},"17":{"start":{"line":31,"column":4},"end":{"line":42,"column":7}},"18":{"start":{"line":32,"column":6},"end":{"line":41,"column":7}},"19":{"start":{"line":33,"column":8},"end":{"line":34,"column":83}},"20":{"start":{"line":34,"column":28},"end":{"line":34,"column":81}},"21":{"start":{"line":35,"column":13},"end":{"line":41,"column":7}},"22":{"start":{"line":36,"column":8},"end":{"line":37,"column":83}},"23":{"start":{"line":37,"column":28},"end":{"line":37,"column":81}},"24":{"start":{"line":38,"column":13},"end":{"line":41,"column":7}},"25":{"start":{"line":39,"column":8},"end":{"line":40,"column":85}},"26":{"start":{"line":40,"column":28},"end":{"line":40,"column":83}},"27":{"start":{"line":43,"column":4},"end":{"line":43,"column":35}},"28":{"start":{"line":47,"column":4},"end":{"line":47,"column":69}},"29":{"start":{"line":51,"column":4},"end":{"line":51,"column":79}},"30":{"start":{"line":51,"column":54},"end":{"line":51,"column":76}},"31":{"start":{"line":55,"column":4},"end":{"line":55,"column":26}},"32":{"start":{"line":58,"column":2},"end":{"line":72,"column":4}},"33":{"start":{"line":74,"column":0},"end":{"line":76,"column":2}}},"fnMap":{"0":{"name":"ApiProvider","decl":{"start":{"line":5,"column":9},"end":{"line":5,"column":20}},"loc":{"start":{"line":5,"column":35},"end":{"line":73,"column":1}},"line":5},"1":{"name":"(anonymous_1)","decl":{"start":{"line":10,"column":12},"end":{"line":10,"column":13}},"loc":{"start":{"line":10,"column":18},"end":{"line":22,"column":3}},"line":10},"2":{"name":"fetchData","decl":{"start":{"line":11,"column":19},"end":{"line":11,"column":28}},"loc":{"start":{"line":11,"column":31},"end":{"line":20,"column":5}},"line":11},"3":{"name":"(anonymous_3)","decl":{"start":{"line":14,"column":43},"end":{"line":14,"column":44}},"loc":{"start":{"line":14,"column":55},"end":{"line":17,"column":7}},"line":14},"4":{"name":"nameFilter","decl":{"start":{"line":24,"column":11},"end":{"line":24,"column":21}},"loc":{"start":{"line":24,"column":28},"end":{"line":27,"column":3}},"line":24},"5":{"name":"(anonymous_5)","decl":{"start":{"line":26,"column":38},"end":{"line":26,"column":39}},"loc":{"start":{"line":26,"column":48},"end":{"line":26,"column":70}},"line":26},"6":{"name":"(anonymous_6)","decl":{"start":{"line":29,"column":12},"end":{"line":29,"column":13}},"loc":{"start":{"line":29,"column":18},"end":{"line":44,"column":3}},"line":29},"7":{"name":"(anonymous_7)","decl":{"start":{"line":31,"column":27},"end":{"line":31,"column":28}},"loc":{"start":{"line":31,"column":40},"end":{"line":42,"column":5}},"line":31},"8":{"name":"(anonymous_8)","decl":{"start":{"line":34,"column":18},"end":{"line":34,"column":19}},"loc":{"start":{"line":34,"column":28},"end":{"line":34,"column":81}},"line":34},"9":{"name":"(anonymous_9)","decl":{"start":{"line":37,"column":18},"end":{"line":37,"column":19}},"loc":{"start":{"line":37,"column":28},"end":{"line":37,"column":81}},"line":37},"10":{"name":"(anonymous_10)","decl":{"start":{"line":40,"column":18},"end":{"line":40,"column":19}},"loc":{"start":{"line":40,"column":28},"end":{"line":40,"column":83}},"line":40},"11":{"name":"numericFilter","decl":{"start":{"line":46,"column":11},"end":{"line":46,"column":24}},"loc":{"start":{"line":46,"column":47},"end":{"line":48,"column":3}},"line":46},"12":{"name":"deleteNumericFilter","decl":{"start":{"line":50,"column":11},"end":{"line":50,"column":30}},"loc":{"start":{"line":50,"column":39},"end":{"line":52,"column":3}},"line":50},"13":{"name":"(anonymous_13)","decl":{"start":{"line":51,"column":44},"end":{"line":51,"column":45}},"loc":{"start":{"line":51,"column":54},"end":{"line":51,"column":76}},"line":51},"14":{"name":"deleteAllNumericFilters","decl":{"start":{"line":54,"column":11},"end":{"line":54,"column":34}},"loc":{"start":{"line":54,"column":37},"end":{"line":56,"column":3}},"line":54}},"branchMap":{"0":{"loc":{"start":{"line":32,"column":6},"end":{"line":41,"column":7}},"type":"if","locations":[{"start":{"line":32,"column":6},"end":{"line":41,"column":7}},{"start":{"line":35,"column":13},"end":{"line":41,"column":7}}],"line":32},"1":{"loc":{"start":{"line":35,"column":13},"end":{"line":41,"column":7}},"type":"if","locations":[{"start":{"line":35,"column":13},"end":{"line":41,"column":7}},{"start":{"line":38,"column":13},"end":{"line":41,"column":7}}],"line":35},"2":{"loc":{"start":{"line":38,"column":13},"end":{"line":41,"column":7}},"type":"if","locations":[{"start":{"line":38,"column":13},"end":{"line":41,"column":7}},{"start":{},"end":{}}],"line":38}},"s":{"0":30,"1":30,"2":30,"3":30,"4":5,"5":4,"6":4,"7":40,"8":40,"9":4,"10":4,"11":5,"12":2,"13":2,"14":20,"15":30,"16":14,"17":14,"18":10,"19":7,"20":0,"21":3,"22":2,"23":0,"24":1,"25":1,"26":0,"27":14,"28":6,"29":1,"30":1,"31":1,"32":30,"33":2},"f":{"0":30,"1":5,"2":5,"3":40,"4":2,"5":20,"6":14,"7":10,"8":0,"9":0,"10":0,"11":6,"12":1,"13":1,"14":1},"b":{"0":[7,3],"1":[2,1],"2":[1,0]},"_coverageSchema":"1a1c01bbd47fc00a2c39e90264f33305004495a9","hash":"20032021054391555ae03154258ea6d5bbf06820"}
,"/home/marcos-ranauro/Trybe/Projetos/sd-027-b-project-starwars-planets-search/src/helpers/mockData.js": {"path":"/home/marcos-ranauro/Trybe/Projetos/sd-027-b-project-starwars-planets-search/src/helpers/mockData.js","statementMap":{"0":{"start":{"line":1,"column":17},"end":{"line":222,"column":1}}},"fnMap":{},"branchMap":{},"s":{"0":1},"f":{},"b":{},"_coverageSchema":"1a1c01bbd47fc00a2c39e90264f33305004495a9","hash":"4cb44578e92d4dd31d445d775f2bcd08416bd880"}
}
