TN:
SF:src/App.js
FN:8,App
FNF:1
FNH:1
FNDA:6,App
DA:9,6
LF:1
LH:1
BRF:0
BRH:0
end_of_record
TN:
SF:src/components/NameFilter.jsx
FN:5,NameFilter
FN:15,(anonymous_1)
FNF:2
FNH:2
FNDA:29,NameFilter
FNDA:2,(anonymous_1)
DA:6,29
DA:7,29
DA:15,2
LF:3
LH:3
BRF:0
BRH:0
end_of_record
TN:
SF:src/components/NumberFilter.jsx
FN:5,NumberFilter
FN:19,(anonymous_1)
FN:25,(anonymous_2)
FN:37,(anonymous_3)
FN:52,(anonymous_4)
FN:55,(anonymous_5)
FN:63,(anonymous_6)
FN:75,(anonymous_7)
FN:79,(anonymous_8)
FN:80,(anonymous_9)
FN:90,(anonymous_10)
FNF:11
FNH:11
FNDA:63,NumberFilter
FNDA:13,(anonymous_1)
FNDA:39,(anonymous_2)
FNDA:1,(anonymous_3)
FNDA:6,(anonymous_4)
FNDA:271,(anonymous_5)
FNDA:6,(anonymous_6)
FNDA:31,(anonymous_7)
FNDA:6,(anonymous_8)
FNDA:26,(anonymous_9)
FNDA:1,(anonymous_10)
DA:6,63
DA:13,62
DA:14,62
DA:15,62
DA:16,62
DA:17,62
DA:19,62
DA:20,13
DA:23,62
DA:26,39
DA:38,1
DA:39,1
DA:52,6
DA:55,271
DA:63,6
DA:75,31
DA:80,26
DA:81,6
DA:91,1
DA:98,1
LF:20
LH:20
BRF:0
BRH:0
end_of_record
TN:
SF:src/components/Table.jsx
FN:5,Table
FN:10,(anonymous_1)
FN:17,(anonymous_2)
FN:21,(anonymous_3)
FN:25,(anonymous_4)
FNF:5
FNH:5
FNDA:45,Table
FNDA:21,(anonymous_1)
FNDA:65,(anonymous_2)
FNDA:36,(anonymous_3)
FNDA:468,(anonymous_4)
DA:6,45
DA:7,45
DA:8,45
DA:9,45
DA:10,45
DA:11,21
DA:13,45
DA:17,65
DA:22,36
DA:23,36
DA:25,468
LF:11
LH:11
BRDA:7,0,0,40
BRF:1
BRH:1
end_of_record
TN:
SF:src/context/ApiContext.jsx
FNF:0
FNH:0
DA:3,2
LF:1
LH:1
BRF:0
BRH:0
end_of_record
TN:
SF:src/context/ApiProvider.jsx
FN:5,ApiProvider
FN:10,(anonymous_1)
FN:11,fetchData
FN:14,(anonymous_3)
FN:24,nameFilter
FN:26,(anonymous_5)
FN:29,(anonymous_6)
FN:31,(anonymous_7)
FN:34,(anonymous_8)
FN:37,(anonymous_9)
FN:40,(anonymous_10)
FN:46,numericFilter
FN:50,deleteNumericFilter
FN:51,(anonymous_13)
FN:54,deleteAllNumericFilters
FNF:15
FNH:12
FNDA:30,ApiProvider
FNDA:5,(anonymous_1)
FNDA:5,fetchData
FNDA:40,(anonymous_3)
FNDA:2,nameFilter
FNDA:20,(anonymous_5)
FNDA:14,(anonymous_6)
FNDA:10,(anonymous_7)
FNDA:0,(anonymous_8)
FNDA:0,(anonymous_9)
FNDA:0,(anonymous_10)
FNDA:6,numericFilter
FNDA:1,deleteNumericFilter
FNDA:1,(anonymous_13)
FNDA:1,deleteAllNumericFilters
DA:6,30
DA:7,30
DA:8,30
DA:10,30
DA:12,5
DA:13,4
DA:14,4
DA:15,40
DA:16,40
DA:18,4
DA:19,4
DA:21,5
DA:25,2
DA:26,20
DA:29,30
DA:30,14
DA:31,14
DA:32,10
DA:33,7
DA:34,0
DA:35,3
DA:36,2
DA:37,0
DA:38,1
DA:39,1
DA:40,0
DA:43,14
DA:47,6
DA:51,1
DA:55,1
DA:58,30
DA:74,2
LF:32
LH:29
BRDA:32,0,0,7
BRDA:32,0,1,3
BRDA:35,1,0,2
BRDA:35,1,1,1
BRDA:38,2,0,1
BRDA:38,2,1,0
BRF:6
BRH:5
end_of_record
TN:
SF:src/helpers/mockData.js
FNF:0
FNH:0
DA:1,1
LF:1
LH:1
BRF:0
BRH:0
end_of_record
