{"/home/marcos-ranauro/Trybe/Projetos/sd-027-b-project-recipes-app/src/App.js": {"path":"/home/marcos-ranauro/Trybe/Projetos/sd-027-b-project-recipes-app/src/App.js","statementMap":{"0":{"start":{"line":7,"column":2},"end":{"line":14,"column":4}}},"fnMap":{"0":{"name":"App","decl":{"start":{"line":6,"column":9},"end":{"line":6,"column":12}},"loc":{"start":{"line":6,"column":15},"end":{"line":15,"column":1}},"line":6}},"branchMap":{},"s":{"0":6},"f":{"0":6},"b":{},"_coverageSchema":"1a1c01bbd47fc00a2c39e90264f33305004495a9","hash":"cd4cb66755d310d356a52f179c3df4f0bf510ef3"}
,"/home/marcos-ranauro/Trybe/Projetos/sd-027-b-project-recipes-app/src/components/BttDrinksCategory.jsx": {"path":"/home/marcos-ranauro/Trybe/Projetos/sd-027-b-project-recipes-app/src/components/BttDrinksCategory.jsx","statementMap":{"0":{"start":{"line":11,"column":46},"end":{"line":11,"column":58}},"1":{"start":{"line":12,"column":31},"end":{"line":12,"column":56}},"2":{"start":{"line":13,"column":42},"end":{"line":13,"column":55}},"3":{"start":{"line":15,"column":2},"end":{"line":29,"column":9}},"4":{"start":{"line":16,"column":32},"end":{"line":27,"column":5}},"5":{"start":{"line":17,"column":6},"end":{"line":26,"column":7}},"6":{"start":{"line":18,"column":21},"end":{"line":18,"column":95}},"7":{"start":{"line":19,"column":30},"end":{"line":19,"column":47}},"8":{"start":{"line":20,"column":23},"end":{"line":20,"column":24}},"9":{"start":{"line":21,"column":21},"end":{"line":22,"column":67}},"10":{"start":{"line":22,"column":46},"end":{"line":22,"column":66}},"11":{"start":{"line":23,"column":8},"end":{"line":23,"column":32}},"12":{"start":{"line":25,"column":8},"end":{"line":25,"column":37}},"13":{"start":{"line":28,"column":4},"end":{"line":28,"column":26}},"14":{"start":{"line":31,"column":16},"end":{"line":31,"column":54}},"15":{"start":{"line":33,"column":20},"end":{"line":44,"column":3}},"16":{"start":{"line":34,"column":4},"end":{"line":43,"column":5}},"17":{"start":{"line":35,"column":19},"end":{"line":35,"column":91}},"18":{"start":{"line":36,"column":26},"end":{"line":36,"column":43}},"19":{"start":{"line":37,"column":21},"end":{"line":37,"column":23}},"20":{"start":{"line":38,"column":19},"end":{"line":39,"column":25}},"21":{"start":{"line":40,"column":6},"end":{"line":40,"column":29}},"22":{"start":{"line":42,"column":6},"end":{"line":42,"column":35}},"23":{"start":{"line":45,"column":22},"end":{"line":60,"column":3}},"24":{"start":{"line":46,"column":4},"end":{"line":46,"column":30}},"25":{"start":{"line":47,"column":4},"end":{"line":49,"column":5}},"26":{"start":{"line":48,"column":6},"end":{"line":48,"column":25}},"27":{"start":{"line":50,"column":4},"end":{"line":59,"column":5}},"28":{"start":{"line":51,"column":18},"end":{"line":51,"column":101}},"29":{"start":{"line":52,"column":29},"end":{"line":52,"column":45}},"30":{"start":{"line":53,"column":21},"end":{"line":53,"column":23}},"31":{"start":{"line":54,"column":19},"end":{"line":55,"column":25}},"32":{"start":{"line":56,"column":6},"end":{"line":56,"column":29}},"33":{"start":{"line":58,"column":6},"end":{"line":58,"column":35}},"34":{"start":{"line":62,"column":2},"end":{"line":86,"column":4}},"35":{"start":{"line":74,"column":10},"end":{"line":82,"column":19}},"36":{"start":{"line":78,"column":28},"end":{"line":78,"column":49}}},"fnMap":{"0":{"name":"BttDrinksCategory","decl":{"start":{"line":10,"column":9},"end":{"line":10,"column":26}},"loc":{"start":{"line":10,"column":29},"end":{"line":87,"column":1}},"line":10},"1":{"name":"(anonymous_1)","decl":{"start":{"line":15,"column":12},"end":{"line":15,"column":13}},"loc":{"start":{"line":15,"column":18},"end":{"line":29,"column":3}},"line":15},"2":{"name":"(anonymous_2)","decl":{"start":{"line":16,"column":32},"end":{"line":16,"column":33}},"loc":{"start":{"line":16,"column":44},"end":{"line":27,"column":5}},"line":16},"3":{"name":"(anonymous_3)","decl":{"start":{"line":22,"column":32},"end":{"line":22,"column":33}},"loc":{"start":{"line":22,"column":46},"end":{"line":22,"column":66}},"line":22},"4":{"name":"(anonymous_4)","decl":{"start":{"line":33,"column":20},"end":{"line":33,"column":21}},"loc":{"start":{"line":33,"column":32},"end":{"line":44,"column":3}},"line":33},"5":{"name":"(anonymous_5)","decl":{"start":{"line":45,"column":22},"end":{"line":45,"column":23}},"loc":{"start":{"line":45,"column":42},"end":{"line":60,"column":3}},"line":45},"6":{"name":"(anonymous_6)","decl":{"start":{"line":73,"column":30},"end":{"line":73,"column":31}},"loc":{"start":{"line":74,"column":10},"end":{"line":82,"column":19}},"line":74},"7":{"name":"(anonymous_7)","decl":{"start":{"line":78,"column":22},"end":{"line":78,"column":23}},"loc":{"start":{"line":78,"column":28},"end":{"line":78,"column":49}},"line":78}},"branchMap":{"0":{"loc":{"start":{"line":47,"column":4},"end":{"line":49,"column":5}},"type":"if","locations":[{"start":{"line":47,"column":4},"end":{"line":49,"column":5}},{"start":{},"end":{}}],"line":47}},"s":{"0":1,"1":1,"2":1,"3":1,"4":1,"5":1,"6":1,"7":0,"8":0,"9":0,"10":0,"11":0,"12":0,"13":1,"14":1,"15":1,"16":0,"17":0,"18":0,"19":0,"20":0,"21":0,"22":0,"23":1,"24":0,"25":0,"26":0,"27":0,"28":0,"29":0,"30":0,"31":0,"32":0,"33":0,"34":1,"35":0,"36":0},"f":{"0":1,"1":1,"2":1,"3":0,"4":0,"5":0,"6":0,"7":0},"b":{"0":[0,0]},"_coverageSchema":"1a1c01bbd47fc00a2c39e90264f33305004495a9","hash":"efdef4594ba880c464cdcc3f29be7287f807a1cd"}
,"/home/marcos-ranauro/Trybe/Projetos/sd-027-b-project-recipes-app/src/components/BttMealsCategory.jsx": {"path":"/home/marcos-ranauro/Trybe/Projetos/sd-027-b-project-recipes-app/src/components/BttMealsCategory.jsx","statementMap":{"0":{"start":{"line":11,"column":44},"end":{"line":11,"column":56}},"1":{"start":{"line":12,"column":30},"end":{"line":12,"column":55}},"2":{"start":{"line":13,"column":42},"end":{"line":13,"column":55}},"3":{"start":{"line":15,"column":2},"end":{"line":29,"column":9}},"4":{"start":{"line":16,"column":31},"end":{"line":27,"column":5}},"5":{"start":{"line":17,"column":6},"end":{"line":26,"column":7}},"6":{"start":{"line":18,"column":21},"end":{"line":18,"column":91}},"7":{"start":{"line":19,"column":31},"end":{"line":19,"column":48}},"8":{"start":{"line":20,"column":23},"end":{"line":20,"column":24}},"9":{"start":{"line":21,"column":21},"end":{"line":22,"column":67}},"10":{"start":{"line":22,"column":46},"end":{"line":22,"column":66}},"11":{"start":{"line":23,"column":8},"end":{"line":23,"column":31}},"12":{"start":{"line":25,"column":8},"end":{"line":25,"column":37}},"13":{"start":{"line":28,"column":4},"end":{"line":28,"column":25}},"14":{"start":{"line":31,"column":16},"end":{"line":31,"column":57}},"15":{"start":{"line":33,"column":20},"end":{"line":44,"column":3}},"16":{"start":{"line":34,"column":4},"end":{"line":43,"column":5}},"17":{"start":{"line":35,"column":19},"end":{"line":35,"column":87}},"18":{"start":{"line":36,"column":26},"end":{"line":36,"column":43}},"19":{"start":{"line":37,"column":21},"end":{"line":37,"column":23}},"20":{"start":{"line":38,"column":19},"end":{"line":39,"column":25}},"21":{"start":{"line":40,"column":6},"end":{"line":40,"column":28}},"22":{"start":{"line":42,"column":6},"end":{"line":42,"column":35}},"23":{"start":{"line":46,"column":22},"end":{"line":61,"column":3}},"24":{"start":{"line":47,"column":4},"end":{"line":47,"column":30}},"25":{"start":{"line":48,"column":4},"end":{"line":50,"column":5}},"26":{"start":{"line":49,"column":6},"end":{"line":49,"column":25}},"27":{"start":{"line":51,"column":4},"end":{"line":60,"column":5}},"28":{"start":{"line":52,"column":18},"end":{"line":52,"column":97}},"29":{"start":{"line":53,"column":29},"end":{"line":53,"column":45}},"30":{"start":{"line":54,"column":21},"end":{"line":54,"column":23}},"31":{"start":{"line":55,"column":19},"end":{"line":56,"column":25}},"32":{"start":{"line":57,"column":6},"end":{"line":57,"column":28}},"33":{"start":{"line":59,"column":6},"end":{"line":59,"column":35}},"34":{"start":{"line":62,"column":2},"end":{"line":86,"column":4}},"35":{"start":{"line":74,"column":10},"end":{"line":82,"column":19}},"36":{"start":{"line":78,"column":28},"end":{"line":78,"column":49}}},"fnMap":{"0":{"name":"BttMealsCategory","decl":{"start":{"line":10,"column":9},"end":{"line":10,"column":25}},"loc":{"start":{"line":10,"column":28},"end":{"line":87,"column":1}},"line":10},"1":{"name":"(anonymous_1)","decl":{"start":{"line":15,"column":12},"end":{"line":15,"column":13}},"loc":{"start":{"line":15,"column":18},"end":{"line":29,"column":3}},"line":15},"2":{"name":"(anonymous_2)","decl":{"start":{"line":16,"column":31},"end":{"line":16,"column":32}},"loc":{"start":{"line":16,"column":43},"end":{"line":27,"column":5}},"line":16},"3":{"name":"(anonymous_3)","decl":{"start":{"line":22,"column":32},"end":{"line":22,"column":33}},"loc":{"start":{"line":22,"column":46},"end":{"line":22,"column":66}},"line":22},"4":{"name":"(anonymous_4)","decl":{"start":{"line":33,"column":20},"end":{"line":33,"column":21}},"loc":{"start":{"line":33,"column":32},"end":{"line":44,"column":3}},"line":33},"5":{"name":"(anonymous_5)","decl":{"start":{"line":46,"column":22},"end":{"line":46,"column":23}},"loc":{"start":{"line":46,"column":42},"end":{"line":61,"column":3}},"line":46},"6":{"name":"(anonymous_6)","decl":{"start":{"line":73,"column":29},"end":{"line":73,"column":30}},"loc":{"start":{"line":74,"column":10},"end":{"line":82,"column":19}},"line":74},"7":{"name":"(anonymous_7)","decl":{"start":{"line":78,"column":22},"end":{"line":78,"column":23}},"loc":{"start":{"line":78,"column":28},"end":{"line":78,"column":49}},"line":78}},"branchMap":{"0":{"loc":{"start":{"line":48,"column":4},"end":{"line":50,"column":5}},"type":"if","locations":[{"start":{"line":48,"column":4},"end":{"line":50,"column":5}},{"start":{},"end":{}}],"line":48}},"s":{"0":1,"1":1,"2":1,"3":1,"4":1,"5":1,"6":1,"7":0,"8":0,"9":0,"10":0,"11":0,"12":0,"13":1,"14":1,"15":1,"16":0,"17":0,"18":0,"19":0,"20":0,"21":0,"22":0,"23":1,"24":0,"25":0,"26":0,"27":0,"28":0,"29":0,"30":0,"31":0,"32":0,"33":0,"34":1,"35":0,"36":0},"f":{"0":1,"1":1,"2":1,"3":0,"4":0,"5":0,"6":0,"7":0},"b":{"0":[0,0]},"_coverageSchema":"1a1c01bbd47fc00a2c39e90264f33305004495a9","hash":"7b9ca11865f5eafa514c28597cc87af3cee7cfa8"}
,"/home/marcos-ranauro/Trybe/Projetos/sd-027-b-project-recipes-app/src/components/DrinkInitalRecipes.jsx": {"path":"/home/marcos-ranauro/Trybe/Projetos/sd-027-b-project-recipes-app/src/components/DrinkInitalRecipes.jsx","statementMap":{"0":{"start":{"line":5,"column":15},"end":{"line":5,"column":17}},"1":{"start":{"line":7,"column":46},"end":{"line":7,"column":71}},"2":{"start":{"line":8,"column":2},"end":{"line":21,"column":25}},"3":{"start":{"line":9,"column":38},"end":{"line":19,"column":5}},"4":{"start":{"line":10,"column":6},"end":{"line":18,"column":7}},"5":{"start":{"line":11,"column":21},"end":{"line":11,"column":93}},"6":{"start":{"line":12,"column":28},"end":{"line":12,"column":45}},"7":{"start":{"line":13,"column":21},"end":{"line":14,"column":27}},"8":{"start":{"line":15,"column":8},"end":{"line":15,"column":31}},"9":{"start":{"line":17,"column":8},"end":{"line":17,"column":37}},"10":{"start":{"line":20,"column":4},"end":{"line":20,"column":32}},"11":{"start":{"line":22,"column":2},"end":{"line":42,"column":4}},"12":{"start":{"line":24,"column":47},"end":{"line":40,"column":7}}},"fnMap":{"0":{"name":"DrinkInitialRecipes","decl":{"start":{"line":6,"column":9},"end":{"line":6,"column":28}},"loc":{"start":{"line":6,"column":31},"end":{"line":43,"column":1}},"line":6},"1":{"name":"(anonymous_1)","decl":{"start":{"line":8,"column":12},"end":{"line":8,"column":13}},"loc":{"start":{"line":8,"column":18},"end":{"line":21,"column":3}},"line":8},"2":{"name":"(anonymous_2)","decl":{"start":{"line":9,"column":38},"end":{"line":9,"column":39}},"loc":{"start":{"line":9,"column":50},"end":{"line":19,"column":5}},"line":9},"3":{"name":"(anonymous_3)","decl":{"start":{"line":24,"column":27},"end":{"line":24,"column":28}},"loc":{"start":{"line":24,"column":47},"end":{"line":40,"column":7}},"line":24}},"branchMap":{"0":{"loc":{"start":{"line":24,"column":47},"end":{"line":40,"column":7}},"type":"binary-expr","locations":[{"start":{"line":24,"column":47},"end":{"line":24,"column":61}},{"start":{"line":25,"column":8},"end":{"line":39,"column":14}}],"line":24}},"s":{"0":2,"1":1,"2":1,"3":1,"4":1,"5":1,"6":0,"7":0,"8":0,"9":0,"10":1,"11":1,"12":0},"f":{"0":1,"1":1,"2":1,"3":0},"b":{"0":[0,0]},"_coverageSchema":"1a1c01bbd47fc00a2c39e90264f33305004495a9","hash":"81e14fb5e9bfab1efcd2ea73bdb5856a2c930c59"}
,"/home/marcos-ranauro/Trybe/Projetos/sd-027-b-project-recipes-app/src/components/DrinksRecommendations.jsx": {"path":"/home/marcos-ranauro/Trybe/Projetos/sd-027-b-project-recipes-app/src/components/DrinksRecommendations.jsx","statementMap":{"0":{"start":{"line":7,"column":17},"end":{"line":7,"column":18}},"1":{"start":{"line":8,"column":46},"end":{"line":8,"column":71}},"2":{"start":{"line":9,"column":2},"end":{"line":22,"column":25}},"3":{"start":{"line":10,"column":39},"end":{"line":20,"column":5}},"4":{"start":{"line":11,"column":6},"end":{"line":19,"column":7}},"5":{"start":{"line":12,"column":21},"end":{"line":12,"column":93}},"6":{"start":{"line":13,"column":29},"end":{"line":13,"column":46}},"7":{"start":{"line":14,"column":21},"end":{"line":15,"column":27}},"8":{"start":{"line":16,"column":8},"end":{"line":16,"column":31}},"9":{"start":{"line":18,"column":8},"end":{"line":18,"column":37}},"10":{"start":{"line":21,"column":4},"end":{"line":21,"column":33}},"11":{"start":{"line":23,"column":2},"end":{"line":49,"column":4}},"12":{"start":{"line":25,"column":47},"end":{"line":47,"column":7}}},"fnMap":{"0":{"name":"DrinksRecommendations","decl":{"start":{"line":6,"column":9},"end":{"line":6,"column":30}},"loc":{"start":{"line":6,"column":33},"end":{"line":50,"column":1}},"line":6},"1":{"name":"(anonymous_1)","decl":{"start":{"line":9,"column":12},"end":{"line":9,"column":13}},"loc":{"start":{"line":9,"column":18},"end":{"line":22,"column":3}},"line":9},"2":{"name":"(anonymous_2)","decl":{"start":{"line":10,"column":39},"end":{"line":10,"column":40}},"loc":{"start":{"line":10,"column":51},"end":{"line":20,"column":5}},"line":10},"3":{"name":"(anonymous_3)","decl":{"start":{"line":25,"column":27},"end":{"line":25,"column":28}},"loc":{"start":{"line":25,"column":47},"end":{"line":47,"column":7}},"line":25}},"branchMap":{"0":{"loc":{"start":{"line":25,"column":47},"end":{"line":47,"column":7}},"type":"binary-expr","locations":[{"start":{"line":25,"column":47},"end":{"line":25,"column":61}},{"start":{"line":26,"column":8},"end":{"line":46,"column":14}}],"line":25}},"s":{"0":0,"1":0,"2":0,"3":0,"4":0,"5":0,"6":0,"7":0,"8":0,"9":0,"10":0,"11":0,"12":0},"f":{"0":0,"1":0,"2":0,"3":0},"b":{"0":[0,0]},"_coverageSchema":"1a1c01bbd47fc00a2c39e90264f33305004495a9","hash":"add4452c1c3a217b13f3d44950126987550c3bb6"}
,"/home/marcos-ranauro/Trybe/Projetos/sd-027-b-project-recipes-app/src/components/Footer.jsx": {"path":"/home/marcos-ranauro/Trybe/Projetos/sd-027-b-project-recipes-app/src/components/Footer.jsx","statementMap":{"0":{"start":{"line":8,"column":18},"end":{"line":8,"column":30}},"1":{"start":{"line":10,"column":28},"end":{"line":12,"column":3}},"2":{"start":{"line":11,"column":4},"end":{"line":11,"column":28}},"3":{"start":{"line":14,"column":27},"end":{"line":16,"column":3}},"4":{"start":{"line":15,"column":4},"end":{"line":15,"column":27}},"5":{"start":{"line":18,"column":2},"end":{"line":28,"column":4}}},"fnMap":{"0":{"name":"Footer","decl":{"start":{"line":7,"column":9},"end":{"line":7,"column":15}},"loc":{"start":{"line":7,"column":18},"end":{"line":29,"column":1}},"line":7},"1":{"name":"(anonymous_1)","decl":{"start":{"line":10,"column":28},"end":{"line":10,"column":29}},"loc":{"start":{"line":10,"column":34},"end":{"line":12,"column":3}},"line":10},"2":{"name":"(anonymous_2)","decl":{"start":{"line":14,"column":27},"end":{"line":14,"column":28}},"loc":{"start":{"line":14,"column":33},"end":{"line":16,"column":3}},"line":14}},"branchMap":{},"s":{"0":8,"1":8,"2":1,"3":8,"4":1,"5":8},"f":{"0":8,"1":1,"2":1},"b":{},"_coverageSchema":"1a1c01bbd47fc00a2c39e90264f33305004495a9","hash":"5a6022dd079f9a3b8d02f9ed8bd1deb942af1dc3"}
,"/home/marcos-ranauro/Trybe/Projetos/sd-027-b-project-recipes-app/src/components/Header.jsx": {"path":"/home/marcos-ranauro/Trybe/Projetos/sd-027-b-project-recipes-app/src/components/Header.jsx","statementMap":{"0":{"start":{"line":13,"column":18},"end":{"line":13,"column":30}},"1":{"start":{"line":14,"column":37},"end":{"line":14,"column":49}},"2":{"start":{"line":15,"column":44},"end":{"line":15,"column":59}},"3":{"start":{"line":17,"column":23},"end":{"line":20,"column":3}},"4":{"start":{"line":18,"column":25},"end":{"line":18,"column":75}},"5":{"start":{"line":19,"column":4},"end":{"line":19,"column":44}},"6":{"start":{"line":22,"column":16},"end":{"line":29,"column":3}},"7":{"start":{"line":23,"column":17},"end":{"line":23,"column":50}},"8":{"start":{"line":24,"column":4},"end":{"line":28,"column":11}},"9":{"start":{"line":25,"column":6},"end":{"line":27,"column":19}},"10":{"start":{"line":26,"column":33},"end":{"line":26,"column":70}},"11":{"start":{"line":31,"column":29},"end":{"line":33,"column":3}},"12":{"start":{"line":32,"column":4},"end":{"line":32,"column":29}},"13":{"start":{"line":35,"column":28},"end":{"line":37,"column":3}},"14":{"start":{"line":36,"column":4},"end":{"line":36,"column":48}},"15":{"start":{"line":36,"column":36},"end":{"line":36,"column":46}},"16":{"start":{"line":39,"column":2},"end":{"line":87,"column":4}}},"fnMap":{"0":{"name":"Header","decl":{"start":{"line":12,"column":9},"end":{"line":12,"column":15}},"loc":{"start":{"line":12,"column":18},"end":{"line":88,"column":1}},"line":12},"1":{"name":"(anonymous_1)","decl":{"start":{"line":17,"column":23},"end":{"line":17,"column":24}},"loc":{"start":{"line":17,"column":29},"end":{"line":20,"column":3}},"line":17},"2":{"name":"(anonymous_2)","decl":{"start":{"line":22,"column":16},"end":{"line":22,"column":17}},"loc":{"start":{"line":22,"column":22},"end":{"line":29,"column":3}},"line":22},"3":{"name":"(anonymous_3)","decl":{"start":{"line":24,"column":23},"end":{"line":24,"column":24}},"loc":{"start":{"line":25,"column":6},"end":{"line":27,"column":19}},"line":25},"4":{"name":"(anonymous_4)","decl":{"start":{"line":26,"column":13},"end":{"line":26,"column":14}},"loc":{"start":{"line":26,"column":33},"end":{"line":26,"column":70}},"line":26},"5":{"name":"(anonymous_5)","decl":{"start":{"line":31,"column":29},"end":{"line":31,"column":30}},"loc":{"start":{"line":31,"column":35},"end":{"line":33,"column":3}},"line":31},"6":{"name":"(anonymous_6)","decl":{"start":{"line":35,"column":28},"end":{"line":35,"column":29}},"loc":{"start":{"line":35,"column":34},"end":{"line":37,"column":3}},"line":35},"7":{"name":"(anonymous_7)","decl":{"start":{"line":36,"column":21},"end":{"line":36,"column":22}},"loc":{"start":{"line":36,"column":36},"end":{"line":36,"column":46}},"line":36}},"branchMap":{"0":{"loc":{"start":{"line":26,"column":33},"end":{"line":26,"column":70}},"type":"cond-expr","locations":[{"start":{"line":26,"column":41},"end":{"line":26,"column":47}},{"start":{"line":26,"column":50},"end":{"line":26,"column":70}}],"line":26},"1":{"loc":{"start":{"line":47,"column":12},"end":{"line":57,"column":11}},"type":"binary-expr","locations":[{"start":{"line":47,"column":12},"end":{"line":47,"column":26}},{"start":{"line":48,"column":12},"end":{"line":56,"column":21}}],"line":47},"2":{"loc":{"start":{"line":75,"column":16},"end":{"line":75,"column":54}},"type":"cond-expr","locations":[{"start":{"line":75,"column":40},"end":{"line":75,"column":45}},{"start":{"line":75,"column":48},"end":{"line":75,"column":54}}],"line":75},"3":{"loc":{"start":{"line":83,"column":8},"end":{"line":85,"column":7}},"type":"binary-expr","locations":[{"start":{"line":83,"column":8},"end":{"line":83,"column":21}},{"start":{"line":84,"column":8},"end":{"line":84,"column":48}}],"line":83}},"s":{"0":46,"1":46,"2":46,"3":46,"4":46,"5":46,"6":46,"7":46,"8":46,"9":46,"10":26,"11":46,"12":1,"13":46,"14":2,"15":2,"16":46},"f":{"0":46,"1":46,"2":46,"3":46,"4":26,"5":1,"6":2,"7":2},"b":{"0":[21,5],"1":[46,46],"2":[1,45],"3":[46,1]},"_coverageSchema":"1a1c01bbd47fc00a2c39e90264f33305004495a9","hash":"96c725bfd0bce439fe438eaa20a0fd5ad2d034f1"}
,"/home/marcos-ranauro/Trybe/Projetos/sd-027-b-project-recipes-app/src/components/MealsInitialRecipes.jsx": {"path":"/home/marcos-ranauro/Trybe/Projetos/sd-027-b-project-recipes-app/src/components/MealsInitialRecipes.jsx","statementMap":{"0":{"start":{"line":5,"column":15},"end":{"line":5,"column":17}},"1":{"start":{"line":7,"column":44},"end":{"line":7,"column":69}},"2":{"start":{"line":8,"column":2},"end":{"line":21,"column":24}},"3":{"start":{"line":9,"column":38},"end":{"line":19,"column":5}},"4":{"start":{"line":10,"column":6},"end":{"line":18,"column":7}},"5":{"start":{"line":11,"column":21},"end":{"line":11,"column":89}},"6":{"start":{"line":12,"column":28},"end":{"line":12,"column":45}},"7":{"start":{"line":13,"column":21},"end":{"line":14,"column":27}},"8":{"start":{"line":15,"column":8},"end":{"line":15,"column":30}},"9":{"start":{"line":17,"column":8},"end":{"line":17,"column":37}},"10":{"start":{"line":20,"column":4},"end":{"line":20,"column":32}},"11":{"start":{"line":22,"column":2},"end":{"line":45,"column":4}},"12":{"start":{"line":24,"column":46},"end":{"line":43,"column":7}}},"fnMap":{"0":{"name":"MealsInitialRecipes","decl":{"start":{"line":6,"column":9},"end":{"line":6,"column":28}},"loc":{"start":{"line":6,"column":31},"end":{"line":46,"column":1}},"line":6},"1":{"name":"(anonymous_1)","decl":{"start":{"line":8,"column":12},"end":{"line":8,"column":13}},"loc":{"start":{"line":8,"column":18},"end":{"line":21,"column":3}},"line":8},"2":{"name":"(anonymous_2)","decl":{"start":{"line":9,"column":38},"end":{"line":9,"column":39}},"loc":{"start":{"line":9,"column":50},"end":{"line":19,"column":5}},"line":9},"3":{"name":"(anonymous_3)","decl":{"start":{"line":24,"column":26},"end":{"line":24,"column":27}},"loc":{"start":{"line":24,"column":46},"end":{"line":43,"column":7}},"line":24}},"branchMap":{"0":{"loc":{"start":{"line":24,"column":46},"end":{"line":43,"column":7}},"type":"binary-expr","locations":[{"start":{"line":24,"column":46},"end":{"line":24,"column":60}},{"start":{"line":25,"column":8},"end":{"line":42,"column":14}}],"line":24}},"s":{"0":2,"1":1,"2":1,"3":1,"4":1,"5":1,"6":0,"7":0,"8":0,"9":0,"10":1,"11":1,"12":0},"f":{"0":1,"1":1,"2":1,"3":0},"b":{"0":[0,0]},"_coverageSchema":"1a1c01bbd47fc00a2c39e90264f33305004495a9","hash":"e636fb2065e69386be71c292828911afffb0c00a"}
,"/home/marcos-ranauro/Trybe/Projetos/sd-027-b-project-recipes-app/src/components/MealsRecommendations.jsx": {"path":"/home/marcos-ranauro/Trybe/Projetos/sd-027-b-project-recipes-app/src/components/MealsRecommendations.jsx","statementMap":{"0":{"start":{"line":7,"column":17},"end":{"line":7,"column":18}},"1":{"start":{"line":8,"column":44},"end":{"line":8,"column":69}},"2":{"start":{"line":9,"column":2},"end":{"line":22,"column":24}},"3":{"start":{"line":10,"column":38},"end":{"line":20,"column":5}},"4":{"start":{"line":11,"column":6},"end":{"line":19,"column":7}},"5":{"start":{"line":12,"column":21},"end":{"line":12,"column":89}},"6":{"start":{"line":13,"column":28},"end":{"line":13,"column":45}},"7":{"start":{"line":14,"column":21},"end":{"line":15,"column":27}},"8":{"start":{"line":16,"column":8},"end":{"line":16,"column":30}},"9":{"start":{"line":18,"column":8},"end":{"line":18,"column":37}},"10":{"start":{"line":21,"column":4},"end":{"line":21,"column":32}},"11":{"start":{"line":23,"column":2},"end":{"line":49,"column":4}},"12":{"start":{"line":25,"column":46},"end":{"line":47,"column":7}}},"fnMap":{"0":{"name":"MealsRecommendations","decl":{"start":{"line":6,"column":9},"end":{"line":6,"column":29}},"loc":{"start":{"line":6,"column":32},"end":{"line":50,"column":1}},"line":6},"1":{"name":"(anonymous_1)","decl":{"start":{"line":9,"column":12},"end":{"line":9,"column":13}},"loc":{"start":{"line":9,"column":18},"end":{"line":22,"column":3}},"line":9},"2":{"name":"(anonymous_2)","decl":{"start":{"line":10,"column":38},"end":{"line":10,"column":39}},"loc":{"start":{"line":10,"column":50},"end":{"line":20,"column":5}},"line":10},"3":{"name":"(anonymous_3)","decl":{"start":{"line":25,"column":26},"end":{"line":25,"column":27}},"loc":{"start":{"line":25,"column":46},"end":{"line":47,"column":7}},"line":25}},"branchMap":{"0":{"loc":{"start":{"line":25,"column":46},"end":{"line":47,"column":7}},"type":"binary-expr","locations":[{"start":{"line":25,"column":46},"end":{"line":25,"column":60}},{"start":{"line":26,"column":8},"end":{"line":46,"column":14}}],"line":25}},"s":{"0":0,"1":0,"2":0,"3":0,"4":0,"5":0,"6":0,"7":0,"8":0,"9":0,"10":0,"11":0,"12":0},"f":{"0":0,"1":0,"2":0,"3":0},"b":{"0":[0,0]},"_coverageSchema":"1a1c01bbd47fc00a2c39e90264f33305004495a9","hash":"6a5cb0d8fa168887426dbbb70fe161f0f7370e7d"}
,"/home/marcos-ranauro/Trybe/Projetos/sd-027-b-project-recipes-app/src/components/Routes.jsx": {"path":"/home/marcos-ranauro/Trybe/Projetos/sd-027-b-project-recipes-app/src/components/Routes.jsx","statementMap":{"0":{"start":{"line":12,"column":2},"end":{"line":29,"column":4}}},"fnMap":{"0":{"name":"Routes","decl":{"start":{"line":11,"column":9},"end":{"line":11,"column":15}},"loc":{"start":{"line":11,"column":18},"end":{"line":30,"column":1}},"line":11}},"branchMap":{},"s":{"0":6},"f":{"0":6},"b":{},"_coverageSchema":"1a1c01bbd47fc00a2c39e90264f33305004495a9","hash":"629ca1b02c57a5e651481bafcfdef1cccc593b19"}
,"/home/marcos-ranauro/Trybe/Projetos/sd-027-b-project-recipes-app/src/components/SearchBar.jsx": {"path":"/home/marcos-ranauro/Trybe/Projetos/sd-027-b-project-recipes-app/src/components/SearchBar.jsx","statementMap":{"0":{"start":{"line":8,"column":38},"end":{"line":8,"column":50}},"1":{"start":{"line":9,"column":38},"end":{"line":9,"column":60}},"2":{"start":{"line":10,"column":18},"end":{"line":10,"column":30}},"3":{"start":{"line":11,"column":48},"end":{"line":11,"column":73}},"4":{"start":{"line":14,"column":4},"end":{"line":14,"column":38}},"5":{"start":{"line":18,"column":4},"end":{"line":18,"column":38}},"6":{"start":{"line":22,"column":22},"end":{"line":22,"column":26}},"7":{"start":{"line":23,"column":23},"end":{"line":23,"column":27}},"8":{"start":{"line":25,"column":4},"end":{"line":31,"column":5}},"9":{"start":{"line":26,"column":17},"end":{"line":26,"column":60}},"10":{"start":{"line":27,"column":19},"end":{"line":27,"column":59}},"11":{"start":{"line":28,"column":6},"end":{"line":28,"column":25}},"12":{"start":{"line":29,"column":11},"end":{"line":31,"column":5}},"13":{"start":{"line":30,"column":6},"end":{"line":30,"column":78}},"14":{"start":{"line":32,"column":4},"end":{"line":32,"column":37}},"15":{"start":{"line":33,"column":4},"end":{"line":33,"column":38}},"16":{"start":{"line":37,"column":4},"end":{"line":40,"column":5}},"17":{"start":{"line":38,"column":6},"end":{"line":38,"column":67}},"18":{"start":{"line":39,"column":6},"end":{"line":39,"column":13}},"19":{"start":{"line":42,"column":19},"end":{"line":42,"column":57}},"20":{"start":{"line":44,"column":4},"end":{"line":46,"column":33}},"21":{"start":{"line":45,"column":26},"end":{"line":45,"column":41}},"22":{"start":{"line":49,"column":2},"end":{"line":112,"column":4}}},"fnMap":{"0":{"name":"SearchBar","decl":{"start":{"line":7,"column":9},"end":{"line":7,"column":18}},"loc":{"start":{"line":7,"column":21},"end":{"line":113,"column":1}},"line":7},"1":{"name":"handleSearchTermChange","decl":{"start":{"line":13,"column":11},"end":{"line":13,"column":33}},"loc":{"start":{"line":13,"column":41},"end":{"line":15,"column":3}},"line":13},"2":{"name":"handleSearchTypeChange","decl":{"start":{"line":17,"column":11},"end":{"line":17,"column":33}},"loc":{"start":{"line":17,"column":41},"end":{"line":19,"column":3}},"line":17},"3":{"name":"handleSearchResults","decl":{"start":{"line":21,"column":11},"end":{"line":21,"column":30}},"loc":{"start":{"line":21,"column":37},"end":{"line":34,"column":3}},"line":21},"4":{"name":"handleSearchButtonClick","decl":{"start":{"line":36,"column":11},"end":{"line":36,"column":34}},"loc":{"start":{"line":36,"column":37},"end":{"line":47,"column":3}},"line":36},"5":{"name":"(anonymous_5)","decl":{"start":{"line":45,"column":12},"end":{"line":45,"column":13}},"loc":{"start":{"line":45,"column":26},"end":{"line":45,"column":41}},"line":45}},"branchMap":{"0":{"loc":{"start":{"line":25,"column":4},"end":{"line":31,"column":5}},"type":"if","locations":[{"start":{"line":25,"column":4},"end":{"line":31,"column":5}},{"start":{"line":29,"column":11},"end":{"line":31,"column":5}}],"line":25},"1":{"loc":{"start":{"line":25,"column":8},"end":{"line":25,"column":72}},"type":"binary-expr","locations":[{"start":{"line":25,"column":9},"end":{"line":25,"column":14}},{"start":{"line":25,"column":18},"end":{"line":25,"column":36}},{"start":{"line":25,"column":42},"end":{"line":25,"column":48}},{"start":{"line":25,"column":52},"end":{"line":25,"column":71}}],"line":25},"2":{"loc":{"start":{"line":26,"column":17},"end":{"line":26,"column":60}},"type":"cond-expr","locations":[{"start":{"line":26,"column":25},"end":{"line":26,"column":40}},{"start":{"line":26,"column":43},"end":{"line":26,"column":60}}],"line":26},"3":{"loc":{"start":{"line":27,"column":19},"end":{"line":27,"column":59}},"type":"cond-expr","locations":[{"start":{"line":27,"column":27},"end":{"line":27,"column":41}},{"start":{"line":27,"column":44},"end":{"line":27,"column":59}}],"line":27},"4":{"loc":{"start":{"line":29,"column":11},"end":{"line":31,"column":5}},"type":"if","locations":[{"start":{"line":29,"column":11},"end":{"line":31,"column":5}},{"start":{},"end":{}}],"line":29},"5":{"loc":{"start":{"line":29,"column":15},"end":{"line":29,"column":32}},"type":"binary-expr","locations":[{"start":{"line":29,"column":15},"end":{"line":29,"column":21}},{"start":{"line":29,"column":25},"end":{"line":29,"column":32}}],"line":29},"6":{"loc":{"start":{"line":32,"column":20},"end":{"line":32,"column":35}},"type":"binary-expr","locations":[{"start":{"line":32,"column":20},"end":{"line":32,"column":25}},{"start":{"line":32,"column":29},"end":{"line":32,"column":35}}],"line":32},"7":{"loc":{"start":{"line":33,"column":21},"end":{"line":33,"column":36}},"type":"binary-expr","locations":[{"start":{"line":33,"column":21},"end":{"line":33,"column":27}},{"start":{"line":33,"column":31},"end":{"line":33,"column":36}}],"line":33},"8":{"loc":{"start":{"line":37,"column":4},"end":{"line":40,"column":5}},"type":"if","locations":[{"start":{"line":37,"column":4},"end":{"line":40,"column":5}},{"start":{},"end":{}}],"line":37},"9":{"loc":{"start":{"line":37,"column":8},"end":{"line":37,"column":64}},"type":"binary-expr","locations":[{"start":{"line":37,"column":8},"end":{"line":37,"column":37}},{"start":{"line":37,"column":41},"end":{"line":37,"column":64}}],"line":37}},"s":{"0":46,"1":46,"2":46,"3":46,"4":29,"5":4,"6":6,"7":6,"8":6,"9":3,"10":3,"11":3,"12":3,"13":2,"14":6,"15":6,"16":7,"17":1,"18":1,"19":6,"20":6,"21":6,"22":46},"f":{"0":46,"1":29,"2":4,"3":6,"4":7,"5":6},"b":{"0":[3,3],"1":[6,2,4,2],"2":[2,1],"3":[2,1],"4":[2,1],"5":[3,3],"6":[6,4],"7":[6,4],"8":[1,6],"9":[7,1]},"_coverageSchema":"1a1c01bbd47fc00a2c39e90264f33305004495a9","hash":"410f473f33e7612ccb3e1042b3d3d9f5a1401e41"}
,"/home/marcos-ranauro/Trybe/Projetos/sd-027-b-project-recipes-app/src/context/RecipeContext.js": {"path":"/home/marcos-ranauro/Trybe/Projetos/sd-027-b-project-recipes-app/src/context/RecipeContext.js","statementMap":{"0":{"start":{"line":3,"column":22},"end":{"line":8,"column":2}}},"fnMap":{"0":{"name":"(anonymous_0)","decl":{"start":{"line":6,"column":19},"end":{"line":6,"column":20}},"loc":{"start":{"line":6,"column":25},"end":{"line":6,"column":27}},"line":6},"1":{"name":"(anonymous_1)","decl":{"start":{"line":7,"column":20},"end":{"line":7,"column":21}},"loc":{"start":{"line":7,"column":26},"end":{"line":7,"column":28}},"line":7}},"branchMap":{},"s":{"0":6},"f":{"0":6,"1":6},"b":{},"_coverageSchema":"1a1c01bbd47fc00a2c39e90264f33305004495a9","hash":"f0607949a51803b79b090a954e6f316e604b8136"}
,"/home/marcos-ranauro/Trybe/Projetos/sd-027-b-project-recipes-app/src/context/RecipeProvider.js": {"path":"/home/marcos-ranauro/Trybe/Projetos/sd-027-b-project-recipes-app/src/context/RecipeProvider.js","statementMap":{"0":{"start":{"line":6,"column":42},"end":{"line":6,"column":54}},"1":{"start":{"line":7,"column":44},"end":{"line":7,"column":56}},"2":{"start":{"line":8,"column":44},"end":{"line":8,"column":56}},"3":{"start":{"line":9,"column":30},"end":{"line":9,"column":42}},"4":{"start":{"line":11,"column":18},"end":{"line":27,"column":15}},"5":{"start":{"line":11,"column":33},"end":{"line":20,"column":3}},"6":{"start":{"line":29,"column":2},"end":{"line":33,"column":4}},"7":{"start":{"line":36,"column":0},"end":{"line":38,"column":2}}},"fnMap":{"0":{"name":"RecipeProvider","decl":{"start":{"line":5,"column":9},"end":{"line":5,"column":23}},"loc":{"start":{"line":5,"column":38},"end":{"line":34,"column":1}},"line":5},"1":{"name":"(anonymous_1)","decl":{"start":{"line":11,"column":26},"end":{"line":11,"column":27}},"loc":{"start":{"line":11,"column":33},"end":{"line":20,"column":3}},"line":11}},"branchMap":{},"s":{"0":6,"1":6,"2":6,"3":6,"4":6,"5":6,"6":6,"7":1},"f":{"0":6,"1":6},"b":{},"_coverageSchema":"1a1c01bbd47fc00a2c39e90264f33305004495a9","hash":"49494bce37b42864fe2addaddcb77b78b13983c5"}
,"/home/marcos-ranauro/Trybe/Projetos/sd-027-b-project-recipes-app/src/helpers/api.js": {"path":"/home/marcos-ranauro/Trybe/Projetos/sd-027-b-project-recipes-app/src/helpers/api.js","statementMap":{"0":{"start":{"line":2,"column":18},"end":{"line":4,"column":52}},"1":{"start":{"line":6,"column":24},"end":{"line":10,"column":3}},"2":{"start":{"line":12,"column":2},"end":{"line":12,"column":45}}},"fnMap":{"0":{"name":"buildSearchUrl","decl":{"start":{"line":1,"column":9},"end":{"line":1,"column":23}},"loc":{"start":{"line":1,"column":48},"end":{"line":13,"column":1}},"line":1}},"branchMap":{"0":{"loc":{"start":{"line":2,"column":18},"end":{"line":4,"column":52}},"type":"cond-expr","locations":[{"start":{"line":3,"column":6},"end":{"line":3,"column":48}},{"start":{"line":4,"column":6},"end":{"line":4,"column":52}}],"line":2}},"s":{"0":6,"1":6,"2":6},"f":{"0":6},"b":{"0":[0,6]},"_coverageSchema":"1a1c01bbd47fc00a2c39e90264f33305004495a9","hash":"1583b530c45180f8451ad3f62d6aaefa1066683b"}
,"/home/marcos-ranauro/Trybe/Projetos/sd-027-b-project-recipes-app/src/helpers/recipeApi.js": {"path":"/home/marcos-ranauro/Trybe/Projetos/sd-027-b-project-recipes-app/src/helpers/recipeApi.js","statementMap":{"0":{"start":{"line":3,"column":27},"end":{"line":13,"column":1}},"1":{"start":{"line":4,"column":2},"end":{"line":12,"column":3}},"2":{"start":{"line":5,"column":25},"end":{"line":5,"column":98}},"3":{"start":{"line":6,"column":21},"end":{"line":6,"column":46}},"4":{"start":{"line":7,"column":4},"end":{"line":7,"column":29}},"5":{"start":{"line":9,"column":26},"end":{"line":9,"column":103}},"6":{"start":{"line":10,"column":22},"end":{"line":10,"column":48}},"7":{"start":{"line":11,"column":4},"end":{"line":11,"column":31}}},"fnMap":{"0":{"name":"(anonymous_0)","decl":{"start":{"line":3,"column":27},"end":{"line":3,"column":28}},"loc":{"start":{"line":3,"column":41},"end":{"line":13,"column":1}},"line":3}},"branchMap":{},"s":{"0":1,"1":0,"2":0,"3":0,"4":0,"5":0,"6":0,"7":0},"f":{"0":0},"b":{},"_coverageSchema":"1a1c01bbd47fc00a2c39e90264f33305004495a9","hash":"b3ec78c0e169c022ba44d820257f921550849221"}
,"/home/marcos-ranauro/Trybe/Projetos/sd-027-b-project-recipes-app/src/pages/DoneRecipes.jsx": {"path":"/home/marcos-ranauro/Trybe/Projetos/sd-027-b-project-recipes-app/src/pages/DoneRecipes.jsx","statementMap":{"0":{"start":{"line":6,"column":2},"end":{"line":12,"column":4}}},"fnMap":{"0":{"name":"DoneRecipes","decl":{"start":{"line":5,"column":9},"end":{"line":5,"column":20}},"loc":{"start":{"line":5,"column":23},"end":{"line":13,"column":1}},"line":5}},"branchMap":{},"s":{"0":0},"f":{"0":0},"b":{},"_coverageSchema":"1a1c01bbd47fc00a2c39e90264f33305004495a9","hash":"5ca96a03bad55f3265ca5c9b358b1278283defaf"}
,"/home/marcos-ranauro/Trybe/Projetos/sd-027-b-project-recipes-app/src/pages/FavoriteRecipes.jsx": {"path":"/home/marcos-ranauro/Trybe/Projetos/sd-027-b-project-recipes-app/src/pages/FavoriteRecipes.jsx","statementMap":{"0":{"start":{"line":9,"column":48},"end":{"line":9,"column":60}},"1":{"start":{"line":10,"column":48},"end":{"line":10,"column":60}},"2":{"start":{"line":11,"column":38},"end":{"line":11,"column":53}},"3":{"start":{"line":12,"column":30},"end":{"line":12,"column":42}},"4":{"start":{"line":14,"column":2},"end":{"line":18,"column":9}},"5":{"start":{"line":15,"column":25},"end":{"line":15,"column":82}},"6":{"start":{"line":16,"column":4},"end":{"line":16,"column":37}},"7":{"start":{"line":17,"column":4},"end":{"line":17,"column":37}},"8":{"start":{"line":20,"column":2},"end":{"line":26,"column":32}},"9":{"start":{"line":21,"column":4},"end":{"line":25,"column":5}},"10":{"start":{"line":22,"column":6},"end":{"line":22,"column":42}},"11":{"start":{"line":24,"column":6},"end":{"line":24,"column":85}},"12":{"start":{"line":24,"column":60},"end":{"line":24,"column":82}},"13":{"start":{"line":28,"column":22},"end":{"line":32,"column":3}},"14":{"start":{"line":29,"column":21},"end":{"line":29,"column":33}},"15":{"start":{"line":30,"column":4},"end":{"line":30,"column":20}},"16":{"start":{"line":31,"column":4},"end":{"line":31,"column":25}},"17":{"start":{"line":34,"column":25},"end":{"line":38,"column":3}},"18":{"start":{"line":35,"column":16},"end":{"line":35,"column":105}},"19":{"start":{"line":35,"column":74},"end":{"line":35,"column":90}},"20":{"start":{"line":36,"column":4},"end":{"line":36,"column":14}},"21":{"start":{"line":37,"column":4},"end":{"line":37,"column":24}},"22":{"start":{"line":40,"column":31},"end":{"line":45,"column":3}},"23":{"start":{"line":41,"column":29},"end":{"line":41,"column":81}},"24":{"start":{"line":41,"column":64},"end":{"line":41,"column":80}},"25":{"start":{"line":42,"column":4},"end":{"line":42,"column":41}},"26":{"start":{"line":43,"column":4},"end":{"line":43,"column":41}},"27":{"start":{"line":44,"column":4},"end":{"line":44,"column":78}},"28":{"start":{"line":47,"column":2},"end":{"line":101,"column":4}},"29":{"start":{"line":67,"column":8},"end":{"line":98,"column":18}},"30":{"start":{"line":82,"column":38},"end":{"line":82,"column":63}},"31":{"start":{"line":89,"column":38},"end":{"line":89,"column":69}}},"fnMap":{"0":{"name":"FavoriteRecipes","decl":{"start":{"line":8,"column":24},"end":{"line":8,"column":39}},"loc":{"start":{"line":8,"column":42},"end":{"line":102,"column":1}},"line":8},"1":{"name":"(anonymous_1)","decl":{"start":{"line":14,"column":12},"end":{"line":14,"column":13}},"loc":{"start":{"line":14,"column":18},"end":{"line":18,"column":3}},"line":14},"2":{"name":"(anonymous_2)","decl":{"start":{"line":20,"column":12},"end":{"line":20,"column":13}},"loc":{"start":{"line":20,"column":18},"end":{"line":26,"column":3}},"line":20},"3":{"name":"(anonymous_3)","decl":{"start":{"line":24,"column":48},"end":{"line":24,"column":49}},"loc":{"start":{"line":24,"column":60},"end":{"line":24,"column":82}},"line":24},"4":{"name":"(anonymous_4)","decl":{"start":{"line":28,"column":22},"end":{"line":28,"column":23}},"loc":{"start":{"line":28,"column":33},"end":{"line":32,"column":3}},"line":28},"5":{"name":"(anonymous_5)","decl":{"start":{"line":34,"column":25},"end":{"line":34,"column":26}},"loc":{"start":{"line":34,"column":33},"end":{"line":38,"column":3}},"line":34},"6":{"name":"(anonymous_6)","decl":{"start":{"line":35,"column":62},"end":{"line":35,"column":63}},"loc":{"start":{"line":35,"column":74},"end":{"line":35,"column":90}},"line":35},"7":{"name":"(anonymous_7)","decl":{"start":{"line":40,"column":31},"end":{"line":40,"column":32}},"loc":{"start":{"line":40,"column":39},"end":{"line":45,"column":3}},"line":40},"8":{"name":"(anonymous_8)","decl":{"start":{"line":41,"column":52},"end":{"line":41,"column":53}},"loc":{"start":{"line":41,"column":64},"end":{"line":41,"column":80}},"line":41},"9":{"name":"(anonymous_9)","decl":{"start":{"line":66,"column":57},"end":{"line":66,"column":58}},"loc":{"start":{"line":67,"column":8},"end":{"line":98,"column":18}},"line":67},"10":{"name":"(anonymous_10)","decl":{"start":{"line":82,"column":32},"end":{"line":82,"column":33}},"loc":{"start":{"line":82,"column":38},"end":{"line":82,"column":63}},"line":82},"11":{"name":"(anonymous_11)","decl":{"start":{"line":89,"column":32},"end":{"line":89,"column":33}},"loc":{"start":{"line":89,"column":38},"end":{"line":89,"column":69}},"line":89}},"branchMap":{"0":{"loc":{"start":{"line":15,"column":25},"end":{"line":15,"column":82}},"type":"binary-expr","locations":[{"start":{"line":15,"column":25},"end":{"line":15,"column":76}},{"start":{"line":15,"column":80},"end":{"line":15,"column":82}}],"line":15},"1":{"loc":{"start":{"line":21,"column":4},"end":{"line":25,"column":5}},"type":"if","locations":[{"start":{"line":21,"column":4},"end":{"line":25,"column":5}},{"start":{"line":23,"column":11},"end":{"line":25,"column":5}}],"line":21},"2":{"loc":{"start":{"line":52,"column":22},"end":{"line":52,"column":60}},"type":"cond-expr","locations":[{"start":{"line":52,"column":38},"end":{"line":52,"column":46}},{"start":{"line":52,"column":49},"end":{"line":52,"column":60}}],"line":52},"3":{"loc":{"start":{"line":66,"column":7},"end":{"line":99,"column":8}},"type":"binary-expr","locations":[{"start":{"line":66,"column":7},"end":{"line":66,"column":33}},{"start":{"line":66,"column":37},"end":{"line":99,"column":8}}],"line":66},"4":{"loc":{"start":{"line":76,"column":15},"end":{"line":78,"column":39}},"type":"cond-expr","locations":[{"start":{"line":77,"column":18},"end":{"line":77,"column":62}},{"start":{"line":78,"column":18},"end":{"line":78,"column":39}}],"line":76},"5":{"loc":{"start":{"line":81,"column":21},"end":{"line":81,"column":54}},"type":"binary-expr","locations":[{"start":{"line":81,"column":21},"end":{"line":81,"column":31}},{"start":{"line":81,"column":35},"end":{"line":81,"column":54}}],"line":81}},"s":{"0":34,"1":34,"2":34,"3":34,"4":34,"5":7,"6":7,"7":7,"8":34,"9":20,"10":18,"11":2,"12":6,"13":34,"14":3,"15":3,"16":3,"17":34,"18":1,"19":1,"20":1,"21":1,"22":34,"23":3,"24":6,"25":3,"26":3,"27":3,"28":34,"29":33,"30":1,"31":3},"f":{"0":34,"1":7,"2":20,"3":6,"4":3,"5":1,"6":1,"7":3,"8":6,"9":33,"10":1,"11":3},"b":{"0":[7,0],"1":[18,2],"2":[30,4],"3":[34,17],"4":[23,10],"5":[33,1]},"_coverageSchema":"1a1c01bbd47fc00a2c39e90264f33305004495a9","hash":"fe402d0529c65fe5d19a85c3fd901def644ead9e"}
,"/home/marcos-ranauro/Trybe/Projetos/sd-027-b-project-recipes-app/src/pages/Login.jsx": {"path":"/home/marcos-ranauro/Trybe/Projetos/sd-027-b-project-recipes-app/src/pages/Login.jsx","statementMap":{"0":{"start":{"line":9,"column":18},"end":{"line":9,"column":30}},"1":{"start":{"line":10,"column":28},"end":{"line":10,"column":40}},"2":{"start":{"line":11,"column":34},"end":{"line":11,"column":46}},"3":{"start":{"line":12,"column":38},"end":{"line":12,"column":52}},"4":{"start":{"line":14,"column":2},"end":{"line":23,"column":24}},"5":{"start":{"line":15,"column":23},"end":{"line":15,"column":67}},"6":{"start":{"line":16,"column":26},"end":{"line":16,"column":45}},"7":{"start":{"line":18,"column":4},"end":{"line":22,"column":5}},"8":{"start":{"line":19,"column":6},"end":{"line":19,"column":27}},"9":{"start":{"line":21,"column":6},"end":{"line":21,"column":26}},"10":{"start":{"line":25,"column":23},"end":{"line":33,"column":3}},"11":{"start":{"line":26,"column":28},"end":{"line":26,"column":34}},"12":{"start":{"line":27,"column":4},"end":{"line":29,"column":5}},"13":{"start":{"line":28,"column":6},"end":{"line":28,"column":22}},"14":{"start":{"line":30,"column":4},"end":{"line":32,"column":5}},"15":{"start":{"line":31,"column":6},"end":{"line":31,"column":25}},"16":{"start":{"line":35,"column":22},"end":{"line":38,"column":3}},"17":{"start":{"line":36,"column":4},"end":{"line":36,"column":27}},"18":{"start":{"line":37,"column":4},"end":{"line":37,"column":28}},"19":{"start":{"line":40,"column":2},"end":{"line":79,"column":4}},"20":{"start":{"line":56,"column":39},"end":{"line":56,"column":59}},"21":{"start":{"line":65,"column":39},"end":{"line":65,"column":59}}},"fnMap":{"0":{"name":"Login","decl":{"start":{"line":8,"column":9},"end":{"line":8,"column":14}},"loc":{"start":{"line":8,"column":17},"end":{"line":80,"column":1}},"line":8},"1":{"name":"(anonymous_1)","decl":{"start":{"line":14,"column":12},"end":{"line":14,"column":13}},"loc":{"start":{"line":14,"column":18},"end":{"line":23,"column":3}},"line":14},"2":{"name":"(anonymous_2)","decl":{"start":{"line":25,"column":23},"end":{"line":25,"column":24}},"loc":{"start":{"line":25,"column":35},"end":{"line":33,"column":3}},"line":25},"3":{"name":"(anonymous_3)","decl":{"start":{"line":35,"column":22},"end":{"line":35,"column":23}},"loc":{"start":{"line":35,"column":28},"end":{"line":38,"column":3}},"line":35},"4":{"name":"(anonymous_4)","decl":{"start":{"line":56,"column":23},"end":{"line":56,"column":24}},"loc":{"start":{"line":56,"column":39},"end":{"line":56,"column":59}},"line":56},"5":{"name":"(anonymous_5)","decl":{"start":{"line":65,"column":23},"end":{"line":65,"column":24}},"loc":{"start":{"line":65,"column":39},"end":{"line":65,"column":59}},"line":65}},"branchMap":{"0":{"loc":{"start":{"line":18,"column":4},"end":{"line":22,"column":5}},"type":"if","locations":[{"start":{"line":18,"column":4},"end":{"line":22,"column":5}},{"start":{"line":20,"column":11},"end":{"line":22,"column":5}}],"line":18},"1":{"loc":{"start":{"line":18,"column":8},"end":{"line":18,"column":62}},"type":"binary-expr","locations":[{"start":{"line":18,"column":8},"end":{"line":18,"column":30}},{"start":{"line":18,"column":34},"end":{"line":18,"column":62}}],"line":18},"2":{"loc":{"start":{"line":27,"column":4},"end":{"line":29,"column":5}},"type":"if","locations":[{"start":{"line":27,"column":4},"end":{"line":29,"column":5}},{"start":{},"end":{}}],"line":27},"3":{"loc":{"start":{"line":30,"column":4},"end":{"line":32,"column":5}},"type":"if","locations":[{"start":{"line":30,"column":4},"end":{"line":32,"column":5}},{"start":{},"end":{}}],"line":30}},"s":{"0":138,"1":138,"2":138,"3":138,"4":138,"5":72,"6":72,"7":72,"8":6,"9":66,"10":138,"11":66,"12":66,"13":42,"14":66,"15":24,"16":138,"17":1,"18":1,"19":138,"20":42,"21":24},"f":{"0":138,"1":72,"2":66,"3":1,"4":42,"5":24},"b":{"0":[6,66],"1":[72,33],"2":[42,24],"3":[24,42]},"_coverageSchema":"1a1c01bbd47fc00a2c39e90264f33305004495a9","hash":"f6cc4676243269c105130c6546b9ff4fb2a24abf"}
,"/home/marcos-ranauro/Trybe/Projetos/sd-027-b-project-recipes-app/src/pages/Profile.jsx": {"path":"/home/marcos-ranauro/Trybe/Projetos/sd-027-b-project-recipes-app/src/pages/Profile.jsx","statementMap":{"0":{"start":{"line":7,"column":36},"end":{"line":7,"column":48}},"1":{"start":{"line":9,"column":2},"end":{"line":14,"column":9}},"2":{"start":{"line":10,"column":17},"end":{"line":10,"column":57}},"3":{"start":{"line":11,"column":4},"end":{"line":13,"column":5}},"4":{"start":{"line":12,"column":6},"end":{"line":12,"column":31}},"5":{"start":{"line":16,"column":18},"end":{"line":16,"column":30}},"6":{"start":{"line":18,"column":28},"end":{"line":20,"column":3}},"7":{"start":{"line":18,"column":38},"end":{"line":20,"column":3}},"8":{"start":{"line":19,"column":4},"end":{"line":19,"column":23}},"9":{"start":{"line":22,"column":23},"end":{"line":25,"column":3}},"10":{"start":{"line":23,"column":4},"end":{"line":23,"column":25}},"11":{"start":{"line":24,"column":4},"end":{"line":24,"column":22}},"12":{"start":{"line":27,"column":2},"end":{"line":53,"column":4}}},"fnMap":{"0":{"name":"Profile","decl":{"start":{"line":6,"column":9},"end":{"line":6,"column":16}},"loc":{"start":{"line":6,"column":19},"end":{"line":54,"column":1}},"line":6},"1":{"name":"(anonymous_1)","decl":{"start":{"line":9,"column":12},"end":{"line":9,"column":13}},"loc":{"start":{"line":9,"column":18},"end":{"line":14,"column":3}},"line":9},"2":{"name":"(anonymous_2)","decl":{"start":{"line":18,"column":28},"end":{"line":18,"column":29}},"loc":{"start":{"line":18,"column":38},"end":{"line":20,"column":3}},"line":18},"3":{"name":"(anonymous_3)","decl":{"start":{"line":18,"column":38},"end":{"line":18,"column":39}},"loc":{"start":{"line":18,"column":44},"end":{"line":20,"column":3}},"line":18},"4":{"name":"(anonymous_4)","decl":{"start":{"line":22,"column":23},"end":{"line":22,"column":24}},"loc":{"start":{"line":22,"column":29},"end":{"line":25,"column":3}},"line":22}},"branchMap":{"0":{"loc":{"start":{"line":11,"column":4},"end":{"line":13,"column":5}},"type":"if","locations":[{"start":{"line":11,"column":4},"end":{"line":13,"column":5}},{"start":{},"end":{}}],"line":11}},"s":{"0":6,"1":6,"2":5,"3":5,"4":1,"5":6,"6":6,"7":12,"8":2,"9":6,"10":1,"11":1,"12":6},"f":{"0":6,"1":5,"2":12,"3":2,"4":1},"b":{"0":[1,4]},"_coverageSchema":"1a1c01bbd47fc00a2c39e90264f33305004495a9","hash":"038cd48c83265fbf5bf52fbbf539cf7cfcb67211"}
,"/home/marcos-ranauro/Trybe/Projetos/sd-027-b-project-recipes-app/src/pages/RecipeDetails.jsx": {"path":"/home/marcos-ranauro/Trybe/Projetos/sd-027-b-project-recipes-app/src/pages/RecipeDetails.jsx","statementMap":{"0":{"start":{"line":15,"column":18},"end":{"line":15,"column":30}},"1":{"start":{"line":16,"column":37},"end":{"line":16,"column":49}},"2":{"start":{"line":17,"column":21},"end":{"line":17,"column":36}},"3":{"start":{"line":18,"column":32},"end":{"line":18,"column":57}},"4":{"start":{"line":19,"column":46},"end":{"line":19,"column":58}},"5":{"start":{"line":21,"column":2},"end":{"line":27,"column":29}},"6":{"start":{"line":22,"column":22},"end":{"line":25,"column":5}},"7":{"start":{"line":23,"column":27},"end":{"line":23,"column":55}},"8":{"start":{"line":24,"column":6},"end":{"line":24,"column":30}},"9":{"start":{"line":26,"column":4},"end":{"line":26,"column":16}},"10":{"start":{"line":29,"column":2},"end":{"line":44,"column":15}},"11":{"start":{"line":30,"column":4},"end":{"line":43,"column":5}},"12":{"start":{"line":31,"column":26},"end":{"line":31,"column":28}},"13":{"start":{"line":32,"column":16},"end":{"line":32,"column":18}},"14":{"start":{"line":33,"column":6},"end":{"line":41,"column":7}},"15":{"start":{"line":33,"column":19},"end":{"line":33,"column":20}},"16":{"start":{"line":34,"column":8},"end":{"line":40,"column":9}},"17":{"start":{"line":35,"column":10},"end":{"line":37,"column":12}},"18":{"start":{"line":39,"column":10},"end":{"line":39,"column":16}},"19":{"start":{"line":42,"column":6},"end":{"line":42,"column":37}},"20":{"start":{"line":46,"column":2},"end":{"line":48,"column":3}},"21":{"start":{"line":47,"column":4},"end":{"line":47,"column":33}},"22":{"start":{"line":50,"column":22},"end":{"line":58,"column":3}},"23":{"start":{"line":51,"column":23},"end":{"line":51,"column":67}},"24":{"start":{"line":53,"column":4},"end":{"line":57,"column":5}},"25":{"start":{"line":54,"column":6},"end":{"line":54,"column":58}},"26":{"start":{"line":56,"column":6},"end":{"line":56,"column":60}},"27":{"start":{"line":60,"column":22},"end":{"line":70,"column":3}},"28":{"start":{"line":61,"column":4},"end":{"line":61,"column":27}},"29":{"start":{"line":62,"column":17},"end":{"line":62,"column":21}},"30":{"start":{"line":63,"column":4},"end":{"line":63,"column":45}},"31":{"start":{"line":64,"column":26},"end":{"line":64,"column":67}},"32":{"start":{"line":65,"column":4},"end":{"line":65,"column":42}},"33":{"start":{"line":67,"column":4},"end":{"line":69,"column":13}},"34":{"start":{"line":68,"column":6},"end":{"line":68,"column":43}},"35":{"start":{"line":84,"column":6},"end":{"line":84,"column":12}},"36":{"start":{"line":86,"column":27},"end":{"line":98,"column":3}},"37":{"start":{"line":87,"column":19},"end":{"line":87,"column":63}},"38":{"start":{"line":88,"column":24},"end":{"line":96,"column":5}},"39":{"start":{"line":97,"column":4},"end":{"line":97,"column":36}},"40":{"start":{"line":100,"column":18},"end":{"line":100,"column":28}},"41":{"start":{"line":101,"column":22},"end":{"line":101,"column":50}},"42":{"start":{"line":103,"column":2},"end":{"line":177,"column":4}},"43":{"start":{"line":120,"column":10},"end":{"line":125,"column":15}}},"fnMap":{"0":{"name":"RecipeDetails","decl":{"start":{"line":14,"column":9},"end":{"line":14,"column":22}},"loc":{"start":{"line":14,"column":25},"end":{"line":178,"column":1}},"line":14},"1":{"name":"(anonymous_1)","decl":{"start":{"line":21,"column":12},"end":{"line":21,"column":13}},"loc":{"start":{"line":21,"column":18},"end":{"line":27,"column":3}},"line":21},"2":{"name":"(anonymous_2)","decl":{"start":{"line":22,"column":22},"end":{"line":22,"column":23}},"loc":{"start":{"line":22,"column":34},"end":{"line":25,"column":5}},"line":22},"3":{"name":"(anonymous_3)","decl":{"start":{"line":29,"column":12},"end":{"line":29,"column":13}},"loc":{"start":{"line":29,"column":18},"end":{"line":44,"column":3}},"line":29},"4":{"name":"(anonymous_4)","decl":{"start":{"line":50,"column":22},"end":{"line":50,"column":23}},"loc":{"start":{"line":50,"column":28},"end":{"line":58,"column":3}},"line":50},"5":{"name":"(anonymous_5)","decl":{"start":{"line":60,"column":22},"end":{"line":60,"column":23}},"loc":{"start":{"line":60,"column":33},"end":{"line":70,"column":3}},"line":60},"6":{"name":"(anonymous_6)","decl":{"start":{"line":67,"column":15},"end":{"line":67,"column":16}},"loc":{"start":{"line":67,"column":21},"end":{"line":69,"column":5}},"line":67},"7":{"name":"(anonymous_7)","decl":{"start":{"line":86,"column":27},"end":{"line":86,"column":28}},"loc":{"start":{"line":86,"column":33},"end":{"line":98,"column":3}},"line":86},"8":{"name":"(anonymous_8)","decl":{"start":{"line":119,"column":28},"end":{"line":119,"column":29}},"loc":{"start":{"line":120,"column":10},"end":{"line":125,"column":15}},"line":120}},"branchMap":{"0":{"loc":{"start":{"line":30,"column":4},"end":{"line":43,"column":5}},"type":"if","locations":[{"start":{"line":30,"column":4},"end":{"line":43,"column":5}},{"start":{},"end":{}}],"line":30},"1":{"loc":{"start":{"line":34,"column":8},"end":{"line":40,"column":9}},"type":"if","locations":[{"start":{"line":34,"column":8},"end":{"line":40,"column":9}},{"start":{"line":38,"column":15},"end":{"line":40,"column":9}}],"line":34},"2":{"loc":{"start":{"line":46,"column":2},"end":{"line":48,"column":3}},"type":"if","locations":[{"start":{"line":46,"column":2},"end":{"line":48,"column":3}},{"start":{},"end":{}}],"line":46},"3":{"loc":{"start":{"line":53,"column":4},"end":{"line":57,"column":5}},"type":"if","locations":[{"start":{"line":53,"column":4},"end":{"line":57,"column":5}},{"start":{"line":55,"column":11},"end":{"line":57,"column":5}}],"line":53},"4":{"loc":{"start":{"line":89,"column":10},"end":{"line":89,"column":27}},"type":"binary-expr","locations":[{"start":{"line":89,"column":10},"end":{"line":89,"column":16}},{"start":{"line":89,"column":20},"end":{"line":89,"column":27}}],"line":89},"5":{"loc":{"start":{"line":90,"column":12},"end":{"line":90,"column":37}},"type":"cond-expr","locations":[{"start":{"line":90,"column":21},"end":{"line":90,"column":27}},{"start":{"line":90,"column":30},"end":{"line":90,"column":37}}],"line":90},"6":{"loc":{"start":{"line":91,"column":19},"end":{"line":91,"column":32}},"type":"binary-expr","locations":[{"start":{"line":91,"column":19},"end":{"line":91,"column":26}},{"start":{"line":91,"column":30},"end":{"line":91,"column":32}}],"line":91},"7":{"loc":{"start":{"line":93,"column":22},"end":{"line":93,"column":40}},"type":"binary-expr","locations":[{"start":{"line":93,"column":22},"end":{"line":93,"column":34}},{"start":{"line":93,"column":38},"end":{"line":93,"column":40}}],"line":93},"8":{"loc":{"start":{"line":94,"column":12},"end":{"line":94,"column":31}},"type":"binary-expr","locations":[{"start":{"line":94,"column":12},"end":{"line":94,"column":19}},{"start":{"line":94,"column":23},"end":{"line":94,"column":31}}],"line":94},"9":{"loc":{"start":{"line":95,"column":13},"end":{"line":95,"column":42}},"type":"binary-expr","locations":[{"start":{"line":95,"column":13},"end":{"line":95,"column":25}},{"start":{"line":95,"column":29},"end":{"line":95,"column":42}}],"line":95},"10":{"loc":{"start":{"line":107,"column":16},"end":{"line":107,"column":45}},"type":"binary-expr","locations":[{"start":{"line":107,"column":16},"end":{"line":107,"column":28}},{"start":{"line":107,"column":32},"end":{"line":107,"column":45}}],"line":107},"11":{"loc":{"start":{"line":108,"column":16},"end":{"line":108,"column":35}},"type":"binary-expr","locations":[{"start":{"line":108,"column":16},"end":{"line":108,"column":23}},{"start":{"line":108,"column":27},"end":{"line":108,"column":35}}],"line":108},"12":{"loc":{"start":{"line":112,"column":40},"end":{"line":112,"column":59}},"type":"binary-expr","locations":[{"start":{"line":112,"column":40},"end":{"line":112,"column":47}},{"start":{"line":112,"column":51},"end":{"line":112,"column":59}}],"line":112},"13":{"loc":{"start":{"line":114,"column":9},"end":{"line":116,"column":9}},"type":"binary-expr","locations":[{"start":{"line":114,"column":9},"end":{"line":114,"column":16}},{"start":{"line":114,"column":20},"end":{"line":114,"column":31}},{"start":{"line":114,"column":35},"end":{"line":114,"column":47}},{"start":{"line":115,"column":10},"end":{"line":115,"column":63}}],"line":114},"14":{"loc":{"start":{"line":129,"column":7},"end":{"line":139,"column":7}},"type":"binary-expr","locations":[{"start":{"line":129,"column":7},"end":{"line":129,"column":15}},{"start":{"line":129,"column":19},"end":{"line":129,"column":29}},{"start":{"line":129,"column":33},"end":{"line":129,"column":57}},{"start":{"line":130,"column":8},"end":{"line":138,"column":10}}],"line":129},"15":{"loc":{"start":{"line":141,"column":9},"end":{"line":144,"column":36}},"type":"cond-expr","locations":[{"start":{"line":142,"column":12},"end":{"line":142,"column":37}},{"start":{"line":144,"column":12},"end":{"line":144,"column":36}}],"line":141}},"s":{"0":0,"1":0,"2":0,"3":0,"4":0,"5":0,"6":0,"7":0,"8":0,"9":0,"10":0,"11":0,"12":0,"13":0,"14":0,"15":0,"16":0,"17":0,"18":0,"19":0,"20":0,"21":0,"22":0,"23":0,"24":0,"25":0,"26":0,"27":0,"28":0,"29":0,"30":0,"31":0,"32":0,"33":0,"34":0,"35":0,"36":0,"37":0,"38":0,"39":0,"40":0,"41":0,"42":0,"43":0},"f":{"0":0,"1":0,"2":0,"3":0,"4":0,"5":0,"6":0,"7":0,"8":0},"b":{"0":[0,0],"1":[0,0],"2":[0,0],"3":[0,0],"4":[0,0],"5":[0,0],"6":[0,0],"7":[0,0],"8":[0,0],"9":[0,0],"10":[0,0],"11":[0,0],"12":[0,0],"13":[0,0,0,0],"14":[0,0,0,0],"15":[0,0]},"_coverageSchema":"1a1c01bbd47fc00a2c39e90264f33305004495a9","hash":"428569aedfee464e473313d875169e2b2826b4db"}
,"/home/marcos-ranauro/Trybe/Projetos/sd-027-b-project-recipes-app/src/pages/RecipeInProgress.jsx": {"path":"/home/marcos-ranauro/Trybe/Projetos/sd-027-b-project-recipes-app/src/pages/RecipeInProgress.jsx","statementMap":{"0":{"start":{"line":5,"column":2},"end":{"line":37,"column":4}}},"fnMap":{"0":{"name":"RecipeInProgress","decl":{"start":{"line":3,"column":9},"end":{"line":3,"column":25}},"loc":{"start":{"line":3,"column":28},"end":{"line":38,"column":1}},"line":3}},"branchMap":{},"s":{"0":0},"f":{"0":0},"b":{},"_coverageSchema":"1a1c01bbd47fc00a2c39e90264f33305004495a9","hash":"993576d91122e64b5a6e2e7c23817da1128fa537"}
,"/home/marcos-ranauro/Trybe/Projetos/sd-027-b-project-recipes-app/src/pages/Recipes.jsx": {"path":"/home/marcos-ranauro/Trybe/Projetos/sd-027-b-project-recipes-app/src/pages/Recipes.jsx","statementMap":{"0":{"start":{"line":12,"column":37},"end":{"line":12,"column":49}},"1":{"start":{"line":13,"column":2},"end":{"line":27,"column":4}}},"fnMap":{"0":{"name":"Recipes","decl":{"start":{"line":11,"column":24},"end":{"line":11,"column":31}},"loc":{"start":{"line":11,"column":34},"end":{"line":28,"column":1}},"line":11}},"branchMap":{"0":{"loc":{"start":{"line":16,"column":7},"end":{"line":19,"column":31}},"type":"cond-expr","locations":[{"start":{"line":17,"column":10},"end":{"line":17,"column":30}},{"start":{"line":19,"column":10},"end":{"line":19,"column":31}}],"line":16},"1":{"loc":{"start":{"line":20,"column":7},"end":{"line":23,"column":32}},"type":"cond-expr","locations":[{"start":{"line":21,"column":10},"end":{"line":21,"column":33}},{"start":{"line":23,"column":10},"end":{"line":23,"column":32}}],"line":20}},"s":{"0":2,"1":2},"f":{"0":2},"b":{"0":[1,1],"1":[1,1]},"_coverageSchema":"1a1c01bbd47fc00a2c39e90264f33305004495a9","hash":"05c90f67f9c1704763407de8191cd479e07fa2e3"}
,"/home/marcos-ranauro/Trybe/Projetos/sd-027-b-project-recipes-app/src/services/setupLocalStorage.js": {"path":"/home/marcos-ranauro/Trybe/Projetos/sd-027-b-project-recipes-app/src/services/setupLocalStorage.js","statementMap":{"0":{"start":{"line":1,"column":32},"end":{"line":3,"column":1}},"1":{"start":{"line":2,"column":2},"end":{"line":2,"column":58}},"2":{"start":{"line":5,"column":31},"end":{"line":8,"column":1}},"3":{"start":{"line":6,"column":15},"end":{"line":6,"column":40}},"4":{"start":{"line":7,"column":2},"end":{"line":7,"column":26}},"5":{"start":{"line":10,"column":34},"end":{"line":14,"column":1}},"6":{"start":{"line":11,"column":23},"end":{"line":11,"column":80}},"7":{"start":{"line":12,"column":2},"end":{"line":12,"column":28}},"8":{"start":{"line":13,"column":2},"end":{"line":13,"column":72}},"9":{"start":{"line":16,"column":34},"end":{"line":19,"column":1}},"10":{"start":{"line":17,"column":23},"end":{"line":17,"column":80}},"11":{"start":{"line":18,"column":2},"end":{"line":18,"column":22}}},"fnMap":{"0":{"name":"(anonymous_0)","decl":{"start":{"line":1,"column":32},"end":{"line":1,"column":33}},"loc":{"start":{"line":1,"column":43},"end":{"line":3,"column":1}},"line":1},"1":{"name":"(anonymous_1)","decl":{"start":{"line":5,"column":31},"end":{"line":5,"column":32}},"loc":{"start":{"line":5,"column":40},"end":{"line":8,"column":1}},"line":5},"2":{"name":"(anonymous_2)","decl":{"start":{"line":10,"column":34},"end":{"line":10,"column":35}},"loc":{"start":{"line":10,"column":46},"end":{"line":14,"column":1}},"line":10},"3":{"name":"(anonymous_3)","decl":{"start":{"line":16,"column":34},"end":{"line":16,"column":35}},"loc":{"start":{"line":16,"column":40},"end":{"line":19,"column":1}},"line":16}},"branchMap":{"0":{"loc":{"start":{"line":11,"column":23},"end":{"line":11,"column":80}},"type":"binary-expr","locations":[{"start":{"line":11,"column":23},"end":{"line":11,"column":74}},{"start":{"line":11,"column":78},"end":{"line":11,"column":80}}],"line":11},"1":{"loc":{"start":{"line":17,"column":23},"end":{"line":17,"column":80}},"type":"binary-expr","locations":[{"start":{"line":17,"column":23},"end":{"line":17,"column":74}},{"start":{"line":17,"column":78},"end":{"line":17,"column":80}}],"line":17}},"s":{"0":1,"1":1,"2":1,"3":0,"4":0,"5":1,"6":0,"7":0,"8":0,"9":1,"10":0,"11":0},"f":{"0":1,"1":0,"2":0,"3":0},"b":{"0":[0,0],"1":[0,0]},"_coverageSchema":"1a1c01bbd47fc00a2c39e90264f33305004495a9","hash":"13ca0ec476513b178c3207a0fef53f6f44902270"}
}
