{"total": {"lines":{"total":382,"covered":188,"skipped":0,"pct":49.21},"statements":{"total":391,"covered":194,"skipped":0,"pct":49.61},"functions":{"total":112,"covered":66,"skipped":0,"pct":58.92},"branches":{"total":154,"covered":59,"skipped":0,"pct":38.31},"branchesTrue":{"total":0,"covered":0,"skipped":0,"pct":100}}
,"/home/marcos-ranauro/Trybe/Projetos/sd-027-b-project-recipes-app/src/App.js": {"lines":{"total":1,"covered":1,"skipped":0,"pct":100},"functions":{"total":1,"covered":1,"skipped":0,"pct":100},"statements":{"total":1,"covered":1,"skipped":0,"pct":100},"branches":{"total":0,"covered":0,"skipped":0,"pct":100}}
,"/home/marcos-ranauro/Trybe/Projetos/sd-027-b-project-recipes-app/src/components/BttDrinksCategory.jsx": {"lines":{"total":37,"covered":12,"skipped":0,"pct":32.43},"functions":{"total":8,"covered":3,"skipped":0,"pct":37.5},"statements":{"total":37,"covered":12,"skipped":0,"pct":32.43},"branches":{"total":2,"covered":0,"skipped":0,"pct":0}}
,"/home/marcos-ranauro/Trybe/Projetos/sd-027-b-project-recipes-app/src/components/BttMealsCategory.jsx": {"lines":{"total":37,"covered":12,"skipped":0,"pct":32.43},"functions":{"total":8,"covered":3,"skipped":0,"pct":37.5},"statements":{"total":37,"covered":12,"skipped":0,"pct":32.43},"branches":{"total":2,"covered":0,"skipped":0,"pct":0}}
,"/home/marcos-ranauro/Trybe/Projetos/sd-027-b-project-recipes-app/src/components/DrinkInitalRecipes.jsx": {"lines":{"total":13,"covered":8,"skipped":0,"pct":61.53},"functions":{"total":4,"covered":3,"skipped":0,"pct":75},"statements":{"total":13,"covered":8,"skipped":0,"pct":61.53},"branches":{"total":2,"covered":0,"skipped":0,"pct":0}}
,"/home/marcos-ranauro/Trybe/Projetos/sd-027-b-project-recipes-app/src/components/DrinksRecommendations.jsx": {"lines":{"total":13,"covered":0,"skipped":0,"pct":0},"functions":{"total":4,"covered":0,"skipped":0,"pct":0},"statements":{"total":13,"covered":0,"skipped":0,"pct":0},"branches":{"total":2,"covered":0,"skipped":0,"pct":0}}
,"/home/marcos-ranauro/Trybe/Projetos/sd-027-b-project-recipes-app/src/components/Footer.jsx": {"lines":{"total":6,"covered":6,"skipped":0,"pct":100},"functions":{"total":3,"covered":3,"skipped":0,"pct":100},"statements":{"total":6,"covered":6,"skipped":0,"pct":100},"branches":{"total":0,"covered":0,"skipped":0,"pct":100}}
,"/home/marcos-ranauro/Trybe/Projetos/sd-027-b-project-recipes-app/src/components/Header.jsx": {"lines":{"total":16,"covered":16,"skipped":0,"pct":100},"functions":{"total":8,"covered":8,"skipped":0,"pct":100},"statements":{"total":17,"covered":17,"skipped":0,"pct":100},"branches":{"total":8,"covered":8,"skipped":0,"pct":100}}
,"/home/marcos-ranauro/Trybe/Projetos/sd-027-b-project-recipes-app/src/components/MealsInitialRecipes.jsx": {"lines":{"total":13,"covered":8,"skipped":0,"pct":61.53},"functions":{"total":4,"covered":3,"skipped":0,"pct":75},"statements":{"total":13,"covered":8,"skipped":0,"pct":61.53},"branches":{"total":2,"covered":0,"skipped":0,"pct":0}}
,"/home/marcos-ranauro/Trybe/Projetos/sd-027-b-project-recipes-app/src/components/MealsRecommendations.jsx": {"lines":{"total":13,"covered":0,"skipped":0,"pct":0},"functions":{"total":4,"covered":0,"skipped":0,"pct":0},"statements":{"total":13,"covered":0,"skipped":0,"pct":0},"branches":{"total":2,"covered":0,"skipped":0,"pct":0}}
,"/home/marcos-ranauro/Trybe/Projetos/sd-027-b-project-recipes-app/src/components/Routes.jsx": {"lines":{"total":1,"covered":1,"skipped":0,"pct":100},"functions":{"total":1,"covered":1,"skipped":0,"pct":100},"statements":{"total":1,"covered":1,"skipped":0,"pct":100},"branches":{"total":0,"covered":0,"skipped":0,"pct":100}}
,"/home/marcos-ranauro/Trybe/Projetos/sd-027-b-project-recipes-app/src/components/SearchBar.jsx": {"lines":{"total":23,"covered":23,"skipped":0,"pct":100},"functions":{"total":6,"covered":6,"skipped":0,"pct":100},"statements":{"total":23,"covered":23,"skipped":0,"pct":100},"branches":{"total":22,"covered":22,"skipped":0,"pct":100}}
,"/home/marcos-ranauro/Trybe/Projetos/sd-027-b-project-recipes-app/src/context/RecipeContext.js": {"lines":{"total":1,"covered":1,"skipped":0,"pct":100},"functions":{"total":2,"covered":2,"skipped":0,"pct":100},"statements":{"total":1,"covered":1,"skipped":0,"pct":100},"branches":{"total":0,"covered":0,"skipped":0,"pct":100}}
,"/home/marcos-ranauro/Trybe/Projetos/sd-027-b-project-recipes-app/src/context/RecipeProvider.js": {"lines":{"total":8,"covered":8,"skipped":0,"pct":100},"functions":{"total":2,"covered":2,"skipped":0,"pct":100},"statements":{"total":9,"covered":9,"skipped":0,"pct":100},"branches":{"total":0,"covered":0,"skipped":0,"pct":100}}
,"/home/marcos-ranauro/Trybe/Projetos/sd-027-b-project-recipes-app/src/helpers/api.js": {"lines":{"total":3,"covered":3,"skipped":0,"pct":100},"functions":{"total":1,"covered":1,"skipped":0,"pct":100},"statements":{"total":3,"covered":3,"skipped":0,"pct":100},"branches":{"total":2,"covered":1,"skipped":0,"pct":50}}
,"/home/marcos-ranauro/Trybe/Projetos/sd-027-b-project-recipes-app/src/helpers/recipeApi.js": {"lines":{"total":8,"covered":3,"skipped":0,"pct":37.5},"functions":{"total":1,"covered":1,"skipped":0,"pct":100},"statements":{"total":8,"covered":3,"skipped":0,"pct":37.5},"branches":{"total":0,"covered":0,"skipped":0,"pct":100}}
,"/home/marcos-ranauro/Trybe/Projetos/sd-027-b-project-recipes-app/src/pages/DoneRecipes.jsx": {"lines":{"total":8,"covered":0,"skipped":0,"pct":0},"functions":{"total":4,"covered":0,"skipped":0,"pct":0},"statements":{"total":8,"covered":0,"skipped":0,"pct":0},"branches":{"total":6,"covered":0,"skipped":0,"pct":0}}
,"/home/marcos-ranauro/Trybe/Projetos/sd-027-b-project-recipes-app/src/pages/FavoriteRecipes.jsx": {"lines":{"total":34,"covered":31,"skipped":0,"pct":91.17},"functions":{"total":15,"covered":12,"skipped":0,"pct":80},"statements":{"total":37,"covered":34,"skipped":0,"pct":91.89},"branches":{"total":12,"covered":12,"skipped":0,"pct":100}}
,"/home/marcos-ranauro/Trybe/Projetos/sd-027-b-project-recipes-app/src/pages/Login.jsx": {"lines":{"total":22,"covered":22,"skipped":0,"pct":100},"functions":{"total":6,"covered":6,"skipped":0,"pct":100},"statements":{"total":22,"covered":22,"skipped":0,"pct":100},"branches":{"total":8,"covered":8,"skipped":0,"pct":100}}
,"/home/marcos-ranauro/Trybe/Projetos/sd-027-b-project-recipes-app/src/pages/Profile.jsx": {"lines":{"total":12,"covered":12,"skipped":0,"pct":100},"functions":{"total":5,"covered":5,"skipped":0,"pct":100},"statements":{"total":13,"covered":13,"skipped":0,"pct":100},"branches":{"total":2,"covered":2,"skipped":0,"pct":100}}
,"/home/marcos-ranauro/Trybe/Projetos/sd-027-b-project-recipes-app/src/pages/RecipeDetails.jsx": {"lines":{"total":49,"covered":0,"skipped":0,"pct":0},"functions":{"total":10,"covered":0,"skipped":0,"pct":0},"statements":{"total":50,"covered":0,"skipped":0,"pct":0},"branches":{"total":40,"covered":0,"skipped":0,"pct":0}}
,"/home/marcos-ranauro/Trybe/Projetos/sd-027-b-project-recipes-app/src/pages/RecipeInProgress.jsx": {"lines":{"total":50,"covered":14,"skipped":0,"pct":28},"functions":{"total":10,"covered":4,"skipped":0,"pct":40},"statements":{"total":52,"covered":14,"skipped":0,"pct":26.92},"branches":{"total":34,"covered":2,"skipped":0,"pct":5.88}}
,"/home/marcos-ranauro/Trybe/Projetos/sd-027-b-project-recipes-app/src/pages/Recipes.jsx": {"lines":{"total":2,"covered":2,"skipped":0,"pct":100},"functions":{"total":1,"covered":1,"skipped":0,"pct":100},"statements":{"total":2,"covered":2,"skipped":0,"pct":100},"branches":{"total":4,"covered":4,"skipped":0,"pct":100}}
,"/home/marcos-ranauro/Trybe/Projetos/sd-027-b-project-recipes-app/src/services/setupLocalStorage.js": {"lines":{"total":12,"covered":5,"skipped":0,"pct":41.66},"functions":{"total":4,"covered":1,"skipped":0,"pct":25},"statements":{"total":12,"covered":5,"skipped":0,"pct":41.66},"branches":{"total":4,"covered":0,"skipped":0,"pct":0}}
}
