TN:
SF:src/App.js
FN:6,App
FNF:1
FNH:1
FNDA:6,App
DA:7,6
LF:1
LH:1
BRF:0
BRH:0
end_of_record
TN:
SF:src/components/BttDrinksCategory.jsx
FN:10,BttDrinksCategory
FN:15,(anonymous_1)
FN:16,(anonymous_2)
FN:22,(anonymous_3)
FN:33,(anonymous_4)
FN:45,(anonymous_5)
FN:73,(anonymous_6)
FN:78,(anonymous_7)
FNF:8
FNH:3
FNDA:1,BttDrinksCategory
FNDA:1,(anonymous_1)
FNDA:1,(anonymous_2)
FNDA:0,(anonymous_3)
FNDA:0,(anonymous_4)
FNDA:0,(anonymous_5)
FNDA:0,(anonymous_6)
FNDA:0,(anonymous_7)
DA:11,1
DA:12,1
DA:13,1
DA:15,1
DA:16,1
DA:17,1
DA:18,1
DA:19,0
DA:20,0
DA:21,0
DA:22,0
DA:23,0
DA:25,0
DA:28,1
DA:31,1
DA:33,1
DA:34,0
DA:35,0
DA:36,0
DA:37,0
DA:38,0
DA:40,0
DA:42,0
DA:45,1
DA:46,0
DA:47,0
DA:48,0
DA:50,0
DA:51,0
DA:52,0
DA:53,0
DA:54,0
DA:56,0
DA:58,0
DA:62,1
DA:74,0
DA:78,0
LF:37
LH:12
BRDA:47,0,0,0
BRDA:47,0,1,0
BRF:2
BRH:0
end_of_record
TN:
SF:src/components/BttMealsCategory.jsx
FN:10,BttMealsCategory
FN:15,(anonymous_1)
FN:16,(anonymous_2)
FN:22,(anonymous_3)
FN:33,(anonymous_4)
FN:46,(anonymous_5)
FN:73,(anonymous_6)
FN:78,(anonymous_7)
FNF:8
FNH:3
FNDA:1,BttMealsCategory
FNDA:1,(anonymous_1)
FNDA:1,(anonymous_2)
FNDA:0,(anonymous_3)
FNDA:0,(anonymous_4)
FNDA:0,(anonymous_5)
FNDA:0,(anonymous_6)
FNDA:0,(anonymous_7)
DA:11,1
DA:12,1
DA:13,1
DA:15,1
DA:16,1
DA:17,1
DA:18,1
DA:19,0
DA:20,0
DA:21,0
DA:22,0
DA:23,0
DA:25,0
DA:28,1
DA:31,1
DA:33,1
DA:34,0
DA:35,0
DA:36,0
DA:37,0
DA:38,0
DA:40,0
DA:42,0
DA:46,1
DA:47,0
DA:48,0
DA:49,0
DA:51,0
DA:52,0
DA:53,0
DA:54,0
DA:55,0
DA:57,0
DA:59,0
DA:62,1
DA:74,0
DA:78,0
LF:37
LH:12
BRDA:48,0,0,0
BRDA:48,0,1,0
BRF:2
BRH:0
end_of_record
TN:
SF:src/components/DrinkInitalRecipes.jsx
FN:6,DrinkInitialRecipes
FN:8,(anonymous_1)
FN:9,(anonymous_2)
FN:24,(anonymous_3)
FNF:4
FNH:3
FNDA:1,DrinkInitialRecipes
FNDA:1,(anonymous_1)
FNDA:1,(anonymous_2)
FNDA:0,(anonymous_3)
DA:5,2
DA:7,1
DA:8,1
DA:9,1
DA:10,1
DA:11,1
DA:12,0
DA:13,0
DA:15,0
DA:17,0
DA:20,1
DA:22,1
DA:24,0
LF:13
LH:8
BRDA:24,0,0,0
BRDA:24,0,1,0
BRF:2
BRH:0
end_of_record
TN:
SF:src/components/DrinksRecommendations.jsx
FN:6,DrinksRecommendations
FN:9,(anonymous_1)
FN:10,(anonymous_2)
FN:25,(anonymous_3)
FNF:4
FNH:0
FNDA:0,DrinksRecommendations
FNDA:0,(anonymous_1)
FNDA:0,(anonymous_2)
FNDA:0,(anonymous_3)
DA:7,0
DA:8,0
DA:9,0
DA:10,0
DA:11,0
DA:12,0
DA:13,0
DA:14,0
DA:16,0
DA:18,0
DA:21,0
DA:23,0
DA:25,0
LF:13
LH:0
BRDA:25,0,0,0
BRDA:25,0,1,0
BRF:2
BRH:0
end_of_record
TN:
SF:src/components/Footer.jsx
FN:7,Footer
FN:10,(anonymous_1)
FN:14,(anonymous_2)
FNF:3
FNH:3
FNDA:8,Footer
FNDA:1,(anonymous_1)
FNDA:1,(anonymous_2)
DA:8,8
DA:10,8
DA:11,1
DA:14,8
DA:15,1
DA:18,8
LF:6
LH:6
BRF:0
BRH:0
end_of_record
TN:
SF:src/components/Header.jsx
FN:12,Header
FN:17,(anonymous_1)
FN:22,(anonymous_2)
FN:24,(anonymous_3)
FN:26,(anonymous_4)
FN:31,(anonymous_5)
FN:35,(anonymous_6)
FN:36,(anonymous_7)
FNF:8
FNH:8
FNDA:46,Header
FNDA:46,(anonymous_1)
FNDA:46,(anonymous_2)
FNDA:46,(anonymous_3)
FNDA:26,(anonymous_4)
FNDA:1,(anonymous_5)
FNDA:2,(anonymous_6)
FNDA:2,(anonymous_7)
DA:13,46
DA:14,46
DA:15,46
DA:17,46
DA:18,46
DA:19,46
DA:22,46
DA:23,46
DA:24,46
DA:25,46
DA:26,26
DA:31,46
DA:32,1
DA:35,46
DA:36,2
DA:39,46
LF:16
LH:16
BRDA:26,0,0,21
BRDA:26,0,1,5
BRDA:47,1,0,46
BRDA:47,1,1,46
BRDA:75,2,0,1
BRDA:75,2,1,45
BRDA:83,3,0,46
BRDA:83,3,1,1
BRF:8
BRH:8
end_of_record
TN:
SF:src/components/MealsInitialRecipes.jsx
FN:6,MealsInitialRecipes
FN:8,(anonymous_1)
FN:9,(anonymous_2)
FN:24,(anonymous_3)
FNF:4
FNH:3
FNDA:1,MealsInitialRecipes
FNDA:1,(anonymous_1)
FNDA:1,(anonymous_2)
FNDA:0,(anonymous_3)
DA:5,2
DA:7,1
DA:8,1
DA:9,1
DA:10,1
DA:11,1
DA:12,0
DA:13,0
DA:15,0
DA:17,0
DA:20,1
DA:22,1
DA:24,0
LF:13
LH:8
BRDA:24,0,0,0
BRDA:24,0,1,0
BRF:2
BRH:0
end_of_record
TN:
SF:src/components/MealsRecommendations.jsx
FN:6,MealsRecommendations
FN:9,(anonymous_1)
FN:10,(anonymous_2)
FN:25,(anonymous_3)
FNF:4
FNH:0
FNDA:0,MealsRecommendations
FNDA:0,(anonymous_1)
FNDA:0,(anonymous_2)
FNDA:0,(anonymous_3)
DA:7,0
DA:8,0
DA:9,0
DA:10,0
DA:11,0
DA:12,0
DA:13,0
DA:14,0
DA:16,0
DA:18,0
DA:21,0
DA:23,0
DA:25,0
LF:13
LH:0
BRDA:25,0,0,0
BRDA:25,0,1,0
BRF:2
BRH:0
end_of_record
TN:
SF:src/components/Routes.jsx
FN:11,Routes
FNF:1
FNH:1
FNDA:6,Routes
DA:12,6
LF:1
LH:1
BRF:0
BRH:0
end_of_record
TN:
SF:src/components/SearchBar.jsx
FN:7,SearchBar
FN:13,handleSearchTermChange
FN:17,handleSearchTypeChange
FN:21,handleSearchResults
FN:36,handleSearchButtonClick
FN:45,(anonymous_5)
FNF:6
FNH:6
FNDA:46,SearchBar
FNDA:29,handleSearchTermChange
FNDA:4,handleSearchTypeChange
FNDA:6,handleSearchResults
FNDA:7,handleSearchButtonClick
FNDA:6,(anonymous_5)
DA:8,46
DA:9,46
DA:10,46
DA:11,46
DA:14,29
DA:18,4
DA:22,6
DA:23,6
DA:25,6
DA:26,3
DA:27,3
DA:28,3
DA:29,3
DA:30,2
DA:32,6
DA:33,6
DA:37,7
DA:38,1
DA:39,1
DA:42,6
DA:44,6
DA:45,6
DA:49,46
LF:23
LH:23
BRDA:25,0,0,3
BRDA:25,0,1,3
BRDA:25,1,0,6
BRDA:25,1,1,2
BRDA:25,1,2,4
BRDA:25,1,3,2
BRDA:26,2,0,2
BRDA:26,2,1,1
BRDA:27,3,0,2
BRDA:27,3,1,1
BRDA:29,4,0,2
BRDA:29,4,1,1
BRDA:29,5,0,3
BRDA:29,5,1,3
BRDA:32,6,0,6
BRDA:32,6,1,4
BRDA:33,7,0,6
BRDA:33,7,1,4
BRDA:37,8,0,1
BRDA:37,8,1,6
BRDA:37,9,0,7
BRDA:37,9,1,1
BRF:22
BRH:22
end_of_record
TN:
SF:src/context/RecipeContext.js
FN:6,(anonymous_0)
FN:7,(anonymous_1)
FNF:2
FNH:2
FNDA:6,(anonymous_0)
FNDA:6,(anonymous_1)
DA:3,6
LF:1
LH:1
BRF:0
BRH:0
end_of_record
TN:
SF:src/context/RecipeProvider.js
FN:5,RecipeProvider
FN:11,(anonymous_1)
FNF:2
FNH:2
FNDA:6,RecipeProvider
FNDA:6,(anonymous_1)
DA:6,6
DA:7,6
DA:8,6
DA:9,6
DA:11,6
DA:29,6
DA:36,1
LF:7
LH:7
BRF:0
BRH:0
end_of_record
TN:
SF:src/helpers/api.js
FN:1,buildSearchUrl
FNF:1
FNH:1
FNDA:6,buildSearchUrl
DA:2,6
DA:6,6
DA:12,6
LF:3
LH:3
BRDA:2,0,0,0
BRDA:2,0,1,6
BRF:2
BRH:1
end_of_record
TN:
SF:src/helpers/recipeApi.js
FN:3,(anonymous_0)
FNF:1
FNH:0
FNDA:0,(anonymous_0)
DA:3,1
DA:4,0
DA:5,0
DA:6,0
DA:7,0
DA:9,0
DA:10,0
DA:11,0
LF:8
LH:1
BRF:0
BRH:0
end_of_record
TN:
SF:src/pages/DoneRecipes.jsx
FN:5,DoneRecipes
FNF:1
FNH:0
FNDA:0,DoneRecipes
DA:6,0
LF:1
LH:0
BRF:0
BRH:0
end_of_record
TN:
SF:src/pages/FavoriteRecipes.jsx
FN:8,FavoriteRecipes
FN:14,(anonymous_1)
FN:20,(anonymous_2)
FN:24,(anonymous_3)
FN:28,(anonymous_4)
FN:34,(anonymous_5)
FN:35,(anonymous_6)
FN:40,(anonymous_7)
FN:41,(anonymous_8)
FN:66,(anonymous_9)
FN:82,(anonymous_10)
FN:89,(anonymous_11)
FNF:12
FNH:12
FNDA:34,FavoriteRecipes
FNDA:7,(anonymous_1)
FNDA:20,(anonymous_2)
FNDA:6,(anonymous_3)
FNDA:3,(anonymous_4)
FNDA:1,(anonymous_5)
FNDA:1,(anonymous_6)
FNDA:3,(anonymous_7)
FNDA:6,(anonymous_8)
FNDA:33,(anonymous_9)
FNDA:1,(anonymous_10)
FNDA:3,(anonymous_11)
DA:9,34
DA:10,34
DA:11,34
DA:12,34
DA:14,34
DA:15,7
DA:16,7
DA:17,7
DA:20,34
DA:21,20
DA:22,18
DA:24,6
DA:28,34
DA:29,3
DA:30,3
DA:31,3
DA:34,34
DA:35,1
DA:36,1
DA:37,1
DA:40,34
DA:41,6
DA:42,3
DA:43,3
DA:44,3
DA:47,34
DA:67,33
DA:82,1
DA:89,3
LF:29
LH:29
BRDA:15,0,0,7
BRDA:15,0,1,0
BRDA:21,1,0,18
BRDA:21,1,1,2
BRDA:52,2,0,30
BRDA:52,2,1,4
BRDA:66,3,0,34
BRDA:66,3,1,17
BRDA:76,4,0,23
BRDA:76,4,1,10
BRDA:81,5,0,33
BRDA:81,5,1,1
BRF:12
BRH:11
end_of_record
TN:
SF:src/pages/Login.jsx
FN:8,Login
FN:14,(anonymous_1)
FN:25,(anonymous_2)
FN:35,(anonymous_3)
FN:56,(anonymous_4)
FN:65,(anonymous_5)
FNF:6
FNH:6
FNDA:138,Login
FNDA:72,(anonymous_1)
FNDA:66,(anonymous_2)
FNDA:1,(anonymous_3)
FNDA:42,(anonymous_4)
FNDA:24,(anonymous_5)
DA:9,138
DA:10,138
DA:11,138
DA:12,138
DA:14,138
DA:15,72
DA:16,72
DA:18,72
DA:19,6
DA:21,66
DA:25,138
DA:26,66
DA:27,66
DA:28,42
DA:30,66
DA:31,24
DA:35,138
DA:36,1
DA:37,1
DA:40,138
DA:56,42
DA:65,24
LF:22
LH:22
BRDA:18,0,0,6
BRDA:18,0,1,66
BRDA:18,1,0,72
BRDA:18,1,1,33
BRDA:27,2,0,42
BRDA:27,2,1,24
BRDA:30,3,0,24
BRDA:30,3,1,42
BRF:8
BRH:8
end_of_record
TN:
SF:src/pages/Profile.jsx
FN:6,Profile
FN:9,(anonymous_1)
FN:18,(anonymous_2)
FN:18,(anonymous_3)
FN:22,(anonymous_4)
FNF:5
FNH:5
FNDA:6,Profile
FNDA:5,(anonymous_1)
FNDA:12,(anonymous_2)
FNDA:2,(anonymous_3)
FNDA:1,(anonymous_4)
DA:7,6
DA:9,6
DA:10,5
DA:11,5
DA:12,1
DA:16,6
DA:18,12
DA:19,2
DA:22,6
DA:23,1
DA:24,1
DA:27,6
LF:12
LH:12
BRDA:11,0,0,1
BRDA:11,0,1,4
BRF:2
BRH:2
end_of_record
TN:
SF:src/pages/RecipeDetails.jsx
FN:14,RecipeDetails
FN:21,(anonymous_1)
FN:22,(anonymous_2)
FN:29,(anonymous_3)
FN:50,(anonymous_4)
FN:60,(anonymous_5)
FN:67,(anonymous_6)
FN:86,(anonymous_7)
FN:119,(anonymous_8)
FNF:9
FNH:0
FNDA:0,RecipeDetails
FNDA:0,(anonymous_1)
FNDA:0,(anonymous_2)
FNDA:0,(anonymous_3)
FNDA:0,(anonymous_4)
FNDA:0,(anonymous_5)
FNDA:0,(anonymous_6)
FNDA:0,(anonymous_7)
FNDA:0,(anonymous_8)
DA:15,0
DA:16,0
DA:17,0
DA:18,0
DA:19,0
DA:21,0
DA:22,0
DA:23,0
DA:24,0
DA:26,0
DA:29,0
DA:30,0
DA:31,0
DA:32,0
DA:33,0
DA:34,0
DA:35,0
DA:39,0
DA:42,0
DA:46,0
DA:47,0
DA:50,0
DA:51,0
DA:53,0
DA:54,0
DA:56,0
DA:60,0
DA:61,0
DA:62,0
DA:63,0
DA:64,0
DA:65,0
DA:67,0
DA:68,0
DA:84,0
DA:86,0
DA:87,0
DA:88,0
DA:97,0
DA:100,0
DA:101,0
DA:103,0
DA:120,0
LF:43
LH:0
BRDA:30,0,0,0
BRDA:30,0,1,0
BRDA:34,1,0,0
BRDA:34,1,1,0
BRDA:46,2,0,0
BRDA:46,2,1,0
BRDA:53,3,0,0
BRDA:53,3,1,0
BRDA:89,4,0,0
BRDA:89,4,1,0
BRDA:90,5,0,0
BRDA:90,5,1,0
BRDA:91,6,0,0
BRDA:91,6,1,0
BRDA:93,7,0,0
BRDA:93,7,1,0
BRDA:94,8,0,0
BRDA:94,8,1,0
BRDA:95,9,0,0
BRDA:95,9,1,0
BRDA:107,10,0,0
BRDA:107,10,1,0
BRDA:108,11,0,0
BRDA:108,11,1,0
BRDA:112,12,0,0
BRDA:112,12,1,0
BRDA:114,13,0,0
BRDA:114,13,1,0
BRDA:114,13,2,0
BRDA:114,13,3,0
BRDA:129,14,0,0
BRDA:129,14,1,0
BRDA:129,14,2,0
BRDA:129,14,3,0
BRDA:141,15,0,0
BRDA:141,15,1,0
BRF:36
BRH:0
end_of_record
TN:
SF:src/pages/RecipeInProgress.jsx
FN:3,RecipeInProgress
FNF:1
FNH:0
FNDA:0,RecipeInProgress
DA:5,0
LF:1
LH:0
BRF:0
BRH:0
end_of_record
TN:
SF:src/pages/Recipes.jsx
FN:11,Recipes
FNF:1
FNH:1
FNDA:2,Recipes
DA:12,2
DA:13,2
LF:2
LH:2
BRDA:16,0,0,1
BRDA:16,0,1,1
BRDA:20,1,0,1
BRDA:20,1,1,1
BRF:4
BRH:4
end_of_record
TN:
SF:src/services/setupLocalStorage.js
FN:1,(anonymous_0)
FN:5,(anonymous_1)
FN:10,(anonymous_2)
FN:16,(anonymous_3)
FNF:4
FNH:1
FNDA:1,(anonymous_0)
FNDA:0,(anonymous_1)
FNDA:0,(anonymous_2)
FNDA:0,(anonymous_3)
DA:1,1
DA:2,1
DA:5,1
DA:6,0
DA:7,0
DA:10,1
DA:11,0
DA:12,0
DA:13,0
DA:16,1
DA:17,0
DA:18,0
LF:12
LH:5
BRDA:11,0,0,0
BRDA:11,0,1,0
BRDA:17,1,0,0
BRDA:17,1,1,0
BRF:4
BRH:0
end_of_record
