{"total": {"lines":{"total":182,"covered":152,"skipped":0,"pct":83.51},"statements":{"total":190,"covered":158,"skipped":0,"pct":83.15},"functions":{"total":32,"covered":29,"skipped":0,"pct":90.62},"branches":{"total":28,"covered":20,"skipped":0,"pct":71.42},"branchesTrue":{"total":0,"covered":0,"skipped":0,"pct":100}}
,"/home/marcos-ranauro/Trybe/Projetos/Turma-29-Tribo-A/Back-End/sd-029-a-store-manager/backend/src/controllers/index.js": {"lines":{"total":3,"covered":3,"skipped":0,"pct":100},"functions":{"total":0,"covered":0,"skipped":0,"pct":100},"statements":{"total":3,"covered":3,"skipped":0,"pct":100},"branches":{"total":0,"covered":0,"skipped":0,"pct":100}}
,"/home/marcos-ranauro/Trybe/Projetos/Turma-29-Tribo-A/Back-End/sd-029-a-store-manager/backend/src/controllers/product.controller.js": {"lines":{"total":14,"covered":14,"skipped":0,"pct":100},"functions":{"total":3,"covered":3,"skipped":0,"pct":100},"statements":{"total":14,"covered":14,"skipped":0,"pct":100},"branches":{"total":0,"covered":0,"skipped":0,"pct":100}}
,"/home/marcos-ranauro/Trybe/Projetos/Turma-29-Tribo-A/Back-End/sd-029-a-store-manager/backend/src/controllers/sale.controller.js": {"lines":{"total":14,"covered":14,"skipped":0,"pct":100},"functions":{"total":3,"covered":3,"skipped":0,"pct":100},"statements":{"total":14,"covered":14,"skipped":0,"pct":100},"branches":{"total":0,"covered":0,"skipped":0,"pct":100}}
,"/home/marcos-ranauro/Trybe/Projetos/Turma-29-Tribo-A/Back-End/sd-029-a-store-manager/backend/src/mappers/index.js": {"lines":{"total":2,"covered":0,"skipped":0,"pct":0},"functions":{"total":0,"covered":0,"skipped":0,"pct":100},"statements":{"total":2,"covered":0,"skipped":0,"pct":0},"branches":{"total":0,"covered":0,"skipped":0,"pct":100}}
,"/home/marcos-ranauro/Trybe/Projetos/Turma-29-Tribo-A/Back-End/sd-029-a-store-manager/backend/src/mappers/product.mapper.js": {"lines":{"total":2,"covered":0,"skipped":0,"pct":0},"functions":{"total":1,"covered":0,"skipped":0,"pct":0},"statements":{"total":3,"covered":0,"skipped":0,"pct":0},"branches":{"total":2,"covered":0,"skipped":0,"pct":0}}
,"/home/marcos-ranauro/Trybe/Projetos/Turma-29-Tribo-A/Back-End/sd-029-a-store-manager/backend/src/models/connection.js": {"lines":{"total":3,"covered":3,"skipped":0,"pct":100},"functions":{"total":0,"covered":0,"skipped":0,"pct":100},"statements":{"total":3,"covered":3,"skipped":0,"pct":100},"branches":{"total":4,"covered":4,"skipped":0,"pct":100}}
,"/home/marcos-ranauro/Trybe/Projetos/Turma-29-Tribo-A/Back-End/sd-029-a-store-manager/backend/src/models/index.js": {"lines":{"total":3,"covered":3,"skipped":0,"pct":100},"functions":{"total":0,"covered":0,"skipped":0,"pct":100},"statements":{"total":3,"covered":3,"skipped":0,"pct":100},"branches":{"total":0,"covered":0,"skipped":0,"pct":100}}
,"/home/marcos-ranauro/Trybe/Projetos/Turma-29-Tribo-A/Back-End/sd-029-a-store-manager/backend/src/models/product.model.js": {"lines":{"total":18,"covered":18,"skipped":0,"pct":100},"functions":{"total":3,"covered":3,"skipped":0,"pct":100},"statements":{"total":18,"covered":18,"skipped":0,"pct":100},"branches":{"total":0,"covered":0,"skipped":0,"pct":100}}
,"/home/marcos-ranauro/Trybe/Projetos/Turma-29-Tribo-A/Back-End/sd-029-a-store-manager/backend/src/models/sale.model.js": {"lines":{"total":24,"covered":24,"skipped":0,"pct":100},"functions":{"total":5,"covered":5,"skipped":0,"pct":100},"statements":{"total":25,"covered":25,"skipped":0,"pct":100},"branches":{"total":0,"covered":0,"skipped":0,"pct":100}}
,"/home/marcos-ranauro/Trybe/Projetos/Turma-29-Tribo-A/Back-End/sd-029-a-store-manager/backend/src/routes/index.js": {"lines":{"total":7,"covered":0,"skipped":0,"pct":0},"functions":{"total":0,"covered":0,"skipped":0,"pct":100},"statements":{"total":7,"covered":0,"skipped":0,"pct":0},"branches":{"total":0,"covered":0,"skipped":0,"pct":100}}
,"/home/marcos-ranauro/Trybe/Projetos/Turma-29-Tribo-A/Back-End/sd-029-a-store-manager/backend/src/routes/product.routes.js": {"lines":{"total":7,"covered":0,"skipped":0,"pct":0},"functions":{"total":0,"covered":0,"skipped":0,"pct":100},"statements":{"total":7,"covered":0,"skipped":0,"pct":0},"branches":{"total":0,"covered":0,"skipped":0,"pct":100}}
,"/home/marcos-ranauro/Trybe/Projetos/Turma-29-Tribo-A/Back-End/sd-029-a-store-manager/backend/src/routes/sale.routes.js": {"lines":{"total":7,"covered":0,"skipped":0,"pct":0},"functions":{"total":0,"covered":0,"skipped":0,"pct":100},"statements":{"total":7,"covered":0,"skipped":0,"pct":0},"branches":{"total":0,"covered":0,"skipped":0,"pct":100}}
,"/home/marcos-ranauro/Trybe/Projetos/Turma-29-Tribo-A/Back-End/sd-029-a-store-manager/backend/src/services/index.js": {"lines":{"total":3,"covered":3,"skipped":0,"pct":100},"functions":{"total":0,"covered":0,"skipped":0,"pct":100},"statements":{"total":3,"covered":3,"skipped":0,"pct":100},"branches":{"total":0,"covered":0,"skipped":0,"pct":100}}
,"/home/marcos-ranauro/Trybe/Projetos/Turma-29-Tribo-A/Back-End/sd-029-a-store-manager/backend/src/services/product.service.js": {"lines":{"total":19,"covered":19,"skipped":0,"pct":100},"functions":{"total":3,"covered":3,"skipped":0,"pct":100},"statements":{"total":19,"covered":19,"skipped":0,"pct":100},"branches":{"total":4,"covered":4,"skipped":0,"pct":100}}
,"/home/marcos-ranauro/Trybe/Projetos/Turma-29-Tribo-A/Back-End/sd-029-a-store-manager/backend/src/services/sale.service.js": {"lines":{"total":30,"covered":27,"skipped":0,"pct":90},"functions":{"total":5,"covered":5,"skipped":0,"pct":100},"statements":{"total":30,"covered":27,"skipped":0,"pct":90},"branches":{"total":10,"covered":7,"skipped":0,"pct":70}}
,"/home/marcos-ranauro/Trybe/Projetos/Turma-29-Tribo-A/Back-End/sd-029-a-store-manager/backend/src/services/validations/mapJoiError.js": {"lines":{"total":3,"covered":3,"skipped":0,"pct":100},"functions":{"total":1,"covered":1,"skipped":0,"pct":100},"statements":{"total":4,"covered":4,"skipped":0,"pct":100},"branches":{"total":2,"covered":1,"skipped":0,"pct":50}}
,"/home/marcos-ranauro/Trybe/Projetos/Turma-29-Tribo-A/Back-End/sd-029-a-store-manager/backend/src/services/validations/schemas.js": {"lines":{"total":4,"covered":4,"skipped":0,"pct":100},"functions":{"total":0,"covered":0,"skipped":0,"pct":100},"statements":{"total":4,"covered":4,"skipped":0,"pct":100},"branches":{"total":0,"covered":0,"skipped":0,"pct":100}}
,"/home/marcos-ranauro/Trybe/Projetos/Turma-29-Tribo-A/Back-End/sd-029-a-store-manager/backend/src/services/validations/validateInputValues.js": {"lines":{"total":10,"covered":9,"skipped":0,"pct":90},"functions":{"total":2,"covered":2,"skipped":0,"pct":100},"statements":{"total":10,"covered":9,"skipped":0,"pct":90},"branches":{"total":4,"covered":3,"skipped":0,"pct":75}}
,"/home/marcos-ranauro/Trybe/Projetos/Turma-29-Tribo-A/Back-End/sd-029-a-store-manager/backend/src/utils/generateFormattedQuery.js": {"lines":{"total":6,"covered":5,"skipped":0,"pct":83.33},"functions":{"total":5,"covered":3,"skipped":0,"pct":60},"statements":{"total":10,"covered":8,"skipped":0,"pct":80},"branches":{"total":0,"covered":0,"skipped":0,"pct":100}}
,"/home/marcos-ranauro/Trybe/Projetos/Turma-29-Tribo-A/Back-End/sd-029-a-store-manager/backend/src/utils/mapHttpStatus.js": {"lines":{"total":3,"covered":3,"skipped":0,"pct":100},"functions":{"total":1,"covered":1,"skipped":0,"pct":100},"statements":{"total":4,"covered":4,"skipped":0,"pct":100},"branches":{"total":2,"covered":1,"skipped":0,"pct":50}}
}
