{"total": {"lines":{"total":116,"covered":54,"skipped":0,"pct":46.55},"statements":{"total":125,"covered":58,"skipped":0,"pct":46.4},"functions":{"total":37,"covered":14,"skipped":0,"pct":37.83},"branches":{"total":20,"covered":7,"skipped":0,"pct":35},"branchesTrue":{"total":0,"covered":0,"skipped":0,"pct":100}}
,"/home/marcos-ranauro/Trybe/Projetos/sd-027-b-project-trybewallet/src/App.js": {"lines":{"total":1,"covered":1,"skipped":0,"pct":100},"functions":{"total":1,"covered":1,"skipped":0,"pct":100},"statements":{"total":1,"covered":1,"skipped":0,"pct":100},"branches":{"total":0,"covered":0,"skipped":0,"pct":100}}
,"/home/marcos-ranauro/Trybe/Projetos/sd-027-b-project-trybewallet/src/components/Header.js": {"lines":{"total":7,"covered":5,"skipped":0,"pct":71.42},"functions":{"total":3,"covered":2,"skipped":0,"pct":66.66},"statements":{"total":8,"covered":6,"skipped":0,"pct":75},"branches":{"total":0,"covered":0,"skipped":0,"pct":100}}
,"/home/marcos-ranauro/Trybe/Projetos/sd-027-b-project-trybewallet/src/components/Table.js": {"lines":{"total":16,"covered":6,"skipped":0,"pct":37.5},"functions":{"total":7,"covered":2,"skipped":0,"pct":28.57},"statements":{"total":17,"covered":7,"skipped":0,"pct":41.17},"branches":{"total":2,"covered":2,"skipped":0,"pct":100}}
,"/home/marcos-ranauro/Trybe/Projetos/sd-027-b-project-trybewallet/src/components/WalletForm.js": {"lines":{"total":26,"covered":11,"skipped":0,"pct":42.3},"functions":{"total":7,"covered":3,"skipped":0,"pct":42.85},"statements":{"total":27,"covered":12,"skipped":0,"pct":44.44},"branches":{"total":2,"covered":1,"skipped":0,"pct":50}}
,"/home/marcos-ranauro/Trybe/Projetos/sd-027-b-project-trybewallet/src/pages/Login.js": {"lines":{"total":22,"covered":7,"skipped":0,"pct":31.81},"functions":{"total":4,"covered":1,"skipped":0,"pct":25},"statements":{"total":22,"covered":7,"skipped":0,"pct":31.81},"branches":{"total":4,"covered":0,"skipped":0,"pct":0}}
,"/home/marcos-ranauro/Trybe/Projetos/sd-027-b-project-trybewallet/src/pages/Wallet.js": {"lines":{"total":1,"covered":1,"skipped":0,"pct":100},"functions":{"total":1,"covered":1,"skipped":0,"pct":100},"statements":{"total":1,"covered":1,"skipped":0,"pct":100},"branches":{"total":0,"covered":0,"skipped":0,"pct":100}}
,"/home/marcos-ranauro/Trybe/Projetos/sd-027-b-project-trybewallet/src/redux/actions/index.js": {"lines":{"total":23,"covered":13,"skipped":0,"pct":56.52},"functions":{"total":9,"covered":2,"skipped":0,"pct":22.22},"statements":{"total":28,"covered":14,"skipped":0,"pct":50},"branches":{"total":0,"covered":0,"skipped":0,"pct":100}}
,"/home/marcos-ranauro/Trybe/Projetos/sd-027-b-project-trybewallet/src/redux/reducers/index.js": {"lines":{"total":1,"covered":1,"skipped":0,"pct":100},"functions":{"total":0,"covered":0,"skipped":0,"pct":100},"statements":{"total":1,"covered":1,"skipped":0,"pct":100},"branches":{"total":0,"covered":0,"skipped":0,"pct":100}}
,"/home/marcos-ranauro/Trybe/Projetos/sd-027-b-project-trybewallet/src/redux/reducers/user.js": {"lines":{"total":5,"covered":4,"skipped":0,"pct":80},"functions":{"total":1,"covered":1,"skipped":0,"pct":100},"statements":{"total":5,"covered":4,"skipped":0,"pct":80},"branches":{"total":3,"covered":2,"skipped":0,"pct":66.66}}
,"/home/marcos-ranauro/Trybe/Projetos/sd-027-b-project-trybewallet/src/redux/reducers/wallet.js": {"lines":{"total":14,"covered":5,"skipped":0,"pct":35.71},"functions":{"total":4,"covered":1,"skipped":0,"pct":25},"statements":{"total":15,"covered":5,"skipped":0,"pct":33.33},"branches":{"total":9,"covered":2,"skipped":0,"pct":22.22}}
}
