{"/home/marcos-ranauro/Trybe/Projetos/sd-027-b-project-trybewallet/src/App.js": {"path":"/home/marcos-ranauro/Trybe/Projetos/sd-027-b-project-trybewallet/src/App.js","statementMap":{"0":{"start":{"line":7,"column":2},"end":{"line":12,"column":4}}},"fnMap":{"0":{"name":"App","decl":{"start":{"line":6,"column":9},"end":{"line":6,"column":12}},"loc":{"start":{"line":6,"column":15},"end":{"line":13,"column":1}},"line":6}},"branchMap":{},"s":{"0":1},"f":{"0":1},"b":{},"_coverageSchema":"1a1c01bbd47fc00a2c39e90264f33305004495a9","hash":"c446836aca8681e6babbb25cc560c0fcc5a7b5f8"}
,"/home/marcos-ranauro/Trybe/Projetos/sd-027-b-project-trybewallet/src/components/Header.js": {"path":"/home/marcos-ranauro/Trybe/Projetos/sd-027-b-project-trybewallet/src/components/Header.js","statementMap":{"0":{"start":{"line":7,"column":32},"end":{"line":7,"column":42}},"1":{"start":{"line":8,"column":18},"end":{"line":11,"column":9}},"2":{"start":{"line":9,"column":6},"end":{"line":9,"column":77}},"3":{"start":{"line":10,"column":6},"end":{"line":10,"column":17}},"4":{"start":{"line":13,"column":4},"end":{"line":19,"column":6}},"5":{"start":{"line":23,"column":24},"end":{"line":26,"column":2}},"6":{"start":{"line":23,"column":36},"end":{"line":26,"column":1}},"7":{"start":{"line":28,"column":0},"end":{"line":33,"column":2}}},"fnMap":{"0":{"name":"(anonymous_0)","decl":{"start":{"line":6,"column":2},"end":{"line":6,"column":3}},"loc":{"start":{"line":6,"column":11},"end":{"line":20,"column":3}},"line":6},"1":{"name":"(anonymous_1)","decl":{"start":{"line":8,"column":34},"end":{"line":8,"column":35}},"loc":{"start":{"line":8,"column":48},"end":{"line":11,"column":5}},"line":8},"2":{"name":"(anonymous_2)","decl":{"start":{"line":23,"column":24},"end":{"line":23,"column":25}},"loc":{"start":{"line":23,"column":36},"end":{"line":26,"column":1}},"line":23}},"branchMap":{},"s":{"0":0,"1":0,"2":0,"3":0,"4":0,"5":1,"6":0,"7":1},"f":{"0":0,"1":0,"2":0},"b":{},"_coverageSchema":"1a1c01bbd47fc00a2c39e90264f33305004495a9","hash":"de574aa984737c7488ce0d593e475e7802678fcf"}
,"/home/marcos-ranauro/Trybe/Projetos/sd-027-b-project-trybewallet/src/components/Table.js": {"path":"/home/marcos-ranauro/Trybe/Projetos/sd-027-b-project-trybewallet/src/components/Table.js","statementMap":{"0":{"start":{"line":5,"column":4},"end":{"line":7,"column":6}}},"fnMap":{"0":{"name":"(anonymous_0)","decl":{"start":{"line":4,"column":2},"end":{"line":4,"column":3}},"loc":{"start":{"line":4,"column":11},"end":{"line":8,"column":3}},"line":4}},"branchMap":{},"s":{"0":0},"f":{"0":0},"b":{}}
,"/home/marcos-ranauro/Trybe/Projetos/sd-027-b-project-trybewallet/src/components/WalletForm.js": {"path":"/home/marcos-ranauro/Trybe/Projetos/sd-027-b-project-trybewallet/src/components/WalletForm.js","statementMap":{"0":{"start":{"line":7,"column":10},"end":{"line":13,"column":3}},"1":{"start":{"line":16,"column":25},"end":{"line":16,"column":35}},"2":{"start":{"line":17,"column":4},"end":{"line":17,"column":30}},"3":{"start":{"line":20,"column":17},"end":{"line":25,"column":3}},"4":{"start":{"line":21,"column":28},"end":{"line":21,"column":34}},"5":{"start":{"line":22,"column":4},"end":{"line":24,"column":7}},"6":{"start":{"line":27,"column":16},"end":{"line":44,"column":3}},"7":{"start":{"line":28,"column":4},"end":{"line":28,"column":27}},"8":{"start":{"line":29,"column":25},"end":{"line":29,"column":35}},"9":{"start":{"line":31,"column":77},"end":{"line":31,"column":87}},"10":{"start":{"line":32,"column":16},"end":{"line":38,"column":5}},"11":{"start":{"line":39,"column":4},"end":{"line":39,"column":30}},"12":{"start":{"line":40,"column":4},"end":{"line":43,"column":7}},"13":{"start":{"line":47,"column":27},"end":{"line":47,"column":37}},"14":{"start":{"line":54,"column":8},"end":{"line":54,"column":18}},"15":{"start":{"line":56,"column":4},"end":{"line":124,"column":6}},"16":{"start":{"line":89,"column":14},"end":{"line":89,"column":60}},"17":{"start":{"line":128,"column":0},"end":{"line":133,"column":2}},"18":{"start":{"line":135,"column":24},"end":{"line":137,"column":2}},"19":{"start":{"line":135,"column":36},"end":{"line":137,"column":1}}},"fnMap":{"0":{"name":"(anonymous_0)","decl":{"start":{"line":15,"column":2},"end":{"line":15,"column":3}},"loc":{"start":{"line":15,"column":22},"end":{"line":18,"column":3}},"line":15},"1":{"name":"(anonymous_1)","decl":{"start":{"line":20,"column":17},"end":{"line":20,"column":18}},"loc":{"start":{"line":20,"column":33},"end":{"line":25,"column":3}},"line":20},"2":{"name":"(anonymous_2)","decl":{"start":{"line":27,"column":16},"end":{"line":27,"column":17}},"loc":{"start":{"line":27,"column":27},"end":{"line":44,"column":3}},"line":27},"3":{"name":"(anonymous_3)","decl":{"start":{"line":46,"column":2},"end":{"line":46,"column":3}},"loc":{"start":{"line":46,"column":11},"end":{"line":125,"column":3}},"line":46},"4":{"name":"(anonymous_4)","decl":{"start":{"line":88,"column":27},"end":{"line":88,"column":28}},"loc":{"start":{"line":89,"column":14},"end":{"line":89,"column":60}},"line":89},"5":{"name":"(anonymous_5)","decl":{"start":{"line":135,"column":24},"end":{"line":135,"column":25}},"loc":{"start":{"line":135,"column":36},"end":{"line":137,"column":1}},"line":135}},"branchMap":{},"s":{"0":0,"1":0,"2":0,"3":0,"4":0,"5":0,"6":0,"7":0,"8":0,"9":0,"10":0,"11":0,"12":0,"13":0,"14":0,"15":0,"16":0,"17":1,"18":1,"19":0},"f":{"0":0,"1":0,"2":0,"3":0,"4":0,"5":0},"b":{},"_coverageSchema":"1a1c01bbd47fc00a2c39e90264f33305004495a9","hash":"cc67432eff9c261249b1e7bff1c9ab2e59ce518b"}
,"/home/marcos-ranauro/Trybe/Projetos/sd-027-b-project-trybewallet/src/pages/Login.js": {"path":"/home/marcos-ranauro/Trybe/Projetos/sd-027-b-project-trybewallet/src/pages/Login.js","statementMap":{"0":{"start":{"line":7,"column":10},"end":{"line":11,"column":3}},"1":{"start":{"line":13,"column":15},"end":{"line":28,"column":3}},"2":{"start":{"line":14,"column":42},"end":{"line":14,"column":52}},"3":{"start":{"line":15,"column":23},"end":{"line":15,"column":24}},"4":{"start":{"line":16,"column":18},"end":{"line":16,"column":52}},"5":{"start":{"line":17,"column":28},"end":{"line":17,"column":50}},"6":{"start":{"line":18,"column":31},"end":{"line":18,"column":65}},"7":{"start":{"line":19,"column":4},"end":{"line":27,"column":5}},"8":{"start":{"line":20,"column":6},"end":{"line":22,"column":9}},"9":{"start":{"line":24,"column":6},"end":{"line":26,"column":9}},"10":{"start":{"line":30,"column":17},"end":{"line":35,"column":3}},"11":{"start":{"line":31,"column":28},"end":{"line":31,"column":34}},"12":{"start":{"line":32,"column":4},"end":{"line":34,"column":24}},"13":{"start":{"line":37,"column":16},"end":{"line":43,"column":3}},"14":{"start":{"line":38,"column":4},"end":{"line":38,"column":27}},"15":{"start":{"line":39,"column":34},"end":{"line":39,"column":44}},"16":{"start":{"line":40,"column":27},"end":{"line":40,"column":37}},"17":{"start":{"line":41,"column":4},"end":{"line":41,"column":34}},"18":{"start":{"line":42,"column":4},"end":{"line":42,"column":30}},"19":{"start":{"line":46,"column":52},"end":{"line":46,"column":62}},"20":{"start":{"line":47,"column":4},"end":{"line":81,"column":6}},"21":{"start":{"line":85,"column":0},"end":{"line":90,"column":2}}},"fnMap":{"0":{"name":"(anonymous_0)","decl":{"start":{"line":13,"column":15},"end":{"line":13,"column":16}},"loc":{"start":{"line":13,"column":21},"end":{"line":28,"column":3}},"line":13},"1":{"name":"(anonymous_1)","decl":{"start":{"line":30,"column":17},"end":{"line":30,"column":18}},"loc":{"start":{"line":30,"column":33},"end":{"line":35,"column":3}},"line":30},"2":{"name":"(anonymous_2)","decl":{"start":{"line":37,"column":16},"end":{"line":37,"column":17}},"loc":{"start":{"line":37,"column":27},"end":{"line":43,"column":3}},"line":37},"3":{"name":"(anonymous_3)","decl":{"start":{"line":45,"column":2},"end":{"line":45,"column":3}},"loc":{"start":{"line":45,"column":11},"end":{"line":82,"column":3}},"line":45}},"branchMap":{"0":{"loc":{"start":{"line":19,"column":4},"end":{"line":27,"column":5}},"type":"if","locations":[{"start":{"line":19,"column":4},"end":{"line":27,"column":5}},{"start":{"line":23,"column":11},"end":{"line":27,"column":5}}],"line":19},"1":{"loc":{"start":{"line":19,"column":8},"end":{"line":19,"column":45}},"type":"binary-expr","locations":[{"start":{"line":19,"column":8},"end":{"line":19,"column":23}},{"start":{"line":19,"column":27},"end":{"line":19,"column":45}}],"line":19}},"s":{"0":1,"1":1,"2":0,"3":0,"4":0,"5":0,"6":0,"7":0,"8":0,"9":0,"10":1,"11":0,"12":0,"13":1,"14":0,"15":0,"16":0,"17":0,"18":0,"19":1,"20":1,"21":1},"f":{"0":0,"1":0,"2":0,"3":1},"b":{"0":[0,0],"1":[0,0]},"_coverageSchema":"1a1c01bbd47fc00a2c39e90264f33305004495a9","hash":"c7ff3ec6f4faeed7a15408c7e95c5411a3c2e088"}
,"/home/marcos-ranauro/Trybe/Projetos/sd-027-b-project-trybewallet/src/pages/Wallet.js": {"path":"/home/marcos-ranauro/Trybe/Projetos/sd-027-b-project-trybewallet/src/pages/Wallet.js","statementMap":{"0":{"start":{"line":7,"column":4},"end":{"line":12,"column":6}}},"fnMap":{"0":{"name":"(anonymous_0)","decl":{"start":{"line":6,"column":2},"end":{"line":6,"column":3}},"loc":{"start":{"line":6,"column":11},"end":{"line":13,"column":3}},"line":6}},"branchMap":{},"s":{"0":0},"f":{"0":0},"b":{},"_coverageSchema":"1a1c01bbd47fc00a2c39e90264f33305004495a9","hash":"130df03769aeee8165bada906667d6134768568c"}
,"/home/marcos-ranauro/Trybe/Projetos/sd-027-b-project-trybewallet/src/redux/actions/index.js": {"path":"/home/marcos-ranauro/Trybe/Projetos/sd-027-b-project-trybewallet/src/redux/actions/index.js","statementMap":{"0":{"start":{"line":1,"column":27},"end":{"line":1,"column":40}},"1":{"start":{"line":2,"column":29},"end":{"line":2,"column":44}},"2":{"start":{"line":3,"column":27},"end":{"line":3,"column":40}},"3":{"start":{"line":5,"column":23},"end":{"line":10,"column":2}},"4":{"start":{"line":5,"column":35},"end":{"line":10,"column":1}},"5":{"start":{"line":12,"column":29},"end":{"line":24,"column":1}},"6":{"start":{"line":12,"column":35},"end":{"line":24,"column":1}},"7":{"start":{"line":13,"column":19},"end":{"line":13,"column":77}},"8":{"start":{"line":14,"column":15},"end":{"line":14,"column":36}},"9":{"start":{"line":15,"column":21},"end":{"line":16,"column":47}},"10":{"start":{"line":16,"column":32},"end":{"line":16,"column":46}},"11":{"start":{"line":18,"column":2},"end":{"line":23,"column":5}},"12":{"start":{"line":26,"column":26},"end":{"line":41,"column":2}},"13":{"start":{"line":26,"column":36},"end":{"line":41,"column":1}},"14":{"start":{"line":27,"column":19},"end":{"line":27,"column":77}},"15":{"start":{"line":28,"column":15},"end":{"line":28,"column":36}},"16":{"start":{"line":29,"column":56},"end":{"line":29,"column":59}},"17":{"start":{"line":30,"column":2},"end":{"line":40,"column":5}}},"fnMap":{"0":{"name":"(anonymous_0)","decl":{"start":{"line":5,"column":23},"end":{"line":5,"column":24}},"loc":{"start":{"line":5,"column":35},"end":{"line":10,"column":1}},"line":5},"1":{"name":"(anonymous_1)","decl":{"start":{"line":12,"column":29},"end":{"line":12,"column":30}},"loc":{"start":{"line":12,"column":35},"end":{"line":24,"column":1}},"line":12},"2":{"name":"(anonymous_2)","decl":{"start":{"line":12,"column":35},"end":{"line":12,"column":36}},"loc":{"start":{"line":12,"column":55},"end":{"line":24,"column":1}},"line":12},"3":{"name":"(anonymous_3)","decl":{"start":{"line":16,"column":23},"end":{"line":16,"column":24}},"loc":{"start":{"line":16,"column":32},"end":{"line":16,"column":46}},"line":16},"4":{"name":"(anonymous_4)","decl":{"start":{"line":26,"column":26},"end":{"line":26,"column":27}},"loc":{"start":{"line":26,"column":36},"end":{"line":41,"column":1}},"line":26},"5":{"name":"(anonymous_5)","decl":{"start":{"line":26,"column":36},"end":{"line":26,"column":37}},"loc":{"start":{"line":26,"column":56},"end":{"line":41,"column":1}},"line":26}},"branchMap":{},"s":{"0":1,"1":1,"2":1,"3":1,"4":0,"5":1,"6":0,"7":0,"8":0,"9":0,"10":0,"11":0,"12":1,"13":0,"14":0,"15":0,"16":0,"17":0},"f":{"0":0,"1":0,"2":0,"3":0,"4":0,"5":0},"b":{},"_coverageSchema":"1a1c01bbd47fc00a2c39e90264f33305004495a9","hash":"953e30ded3cfd5610ae158a15aadb323dfaa9406"}
,"/home/marcos-ranauro/Trybe/Projetos/sd-027-b-project-trybewallet/src/redux/reducers/index.js": {"path":"/home/marcos-ranauro/Trybe/Projetos/sd-027-b-project-trybewallet/src/redux/reducers/index.js","statementMap":{"0":{"start":{"line":5,"column":20},"end":{"line":5,"column":53}}},"fnMap":{},"branchMap":{},"s":{"0":1},"f":{},"b":{},"_coverageSchema":"1a1c01bbd47fc00a2c39e90264f33305004495a9","hash":"5160d4c7d8fa6e5ca429ccf29ceac64accd2fdcb"}
,"/home/marcos-ranauro/Trybe/Projetos/sd-027-b-project-trybewallet/src/redux/reducers/user.js": {"path":"/home/marcos-ranauro/Trybe/Projetos/sd-027-b-project-trybewallet/src/redux/reducers/user.js","statementMap":{"0":{"start":{"line":3,"column":22},"end":{"line":5,"column":1}},"1":{"start":{"line":7,"column":13},"end":{"line":17,"column":1}},"2":{"start":{"line":8,"column":2},"end":{"line":16,"column":3}},"3":{"start":{"line":10,"column":4},"end":{"line":13,"column":6}},"4":{"start":{"line":15,"column":4},"end":{"line":15,"column":17}}},"fnMap":{"0":{"name":"(anonymous_0)","decl":{"start":{"line":7,"column":13},"end":{"line":7,"column":14}},"loc":{"start":{"line":7,"column":48},"end":{"line":17,"column":1}},"line":7}},"branchMap":{"0":{"loc":{"start":{"line":7,"column":14},"end":{"line":7,"column":35}},"type":"default-arg","locations":[{"start":{"line":7,"column":22},"end":{"line":7,"column":35}}],"line":7},"1":{"loc":{"start":{"line":8,"column":2},"end":{"line":16,"column":3}},"type":"switch","locations":[{"start":{"line":9,"column":2},"end":{"line":13,"column":6}},{"start":{"line":14,"column":2},"end":{"line":15,"column":17}}],"line":8}},"s":{"0":1,"1":1,"2":3,"3":0,"4":3},"f":{"0":3},"b":{"0":[3],"1":[0,3]},"_coverageSchema":"1a1c01bbd47fc00a2c39e90264f33305004495a9","hash":"a859647c1c9e987d6606501a13da97dbcdb8afa5"}
,"/home/marcos-ranauro/Trybe/Projetos/sd-027-b-project-trybewallet/src/redux/reducers/wallet.js": {"path":"/home/marcos-ranauro/Trybe/Projetos/sd-027-b-project-trybewallet/src/redux/reducers/wallet.js","statementMap":{"0":{"start":{"line":3,"column":22},"end":{"line":8,"column":1}},"1":{"start":{"line":10,"column":15},"end":{"line":33,"column":1}},"2":{"start":{"line":11,"column":2},"end":{"line":32,"column":3}},"3":{"start":{"line":13,"column":4},"end":{"line":16,"column":6}},"4":{"start":{"line":18,"column":4},"end":{"line":29,"column":6}},"5":{"start":{"line":31,"column":4},"end":{"line":31,"column":17}}},"fnMap":{"0":{"name":"(anonymous_0)","decl":{"start":{"line":10,"column":15},"end":{"line":10,"column":16}},"loc":{"start":{"line":10,"column":50},"end":{"line":33,"column":1}},"line":10}},"branchMap":{"0":{"loc":{"start":{"line":10,"column":16},"end":{"line":10,"column":37}},"type":"default-arg","locations":[{"start":{"line":10,"column":24},"end":{"line":10,"column":37}}],"line":10},"1":{"loc":{"start":{"line":11,"column":2},"end":{"line":32,"column":3}},"type":"switch","locations":[{"start":{"line":12,"column":2},"end":{"line":16,"column":6}},{"start":{"line":17,"column":2},"end":{"line":29,"column":6}},{"start":{"line":30,"column":2},"end":{"line":31,"column":17}}],"line":11}},"s":{"0":1,"1":1,"2":3,"3":0,"4":0,"5":3},"f":{"0":3},"b":{"0":[3],"1":[0,0,3]},"_coverageSchema":"1a1c01bbd47fc00a2c39e90264f33305004495a9","hash":"7715423e386550aaac42ba9cf292835a871d5ba3"}
}
