TN:
SF:src/App.js
FN:6,App
FNF:1
FNH:1
FNDA:1,App
DA:7,1
LF:1
LH:1
BRF:0
BRH:0
end_of_record
TN:
SF:src/components/Header.js
FN:6,(anonymous_0)
FN:8,(anonymous_1)
FN:23,(anonymous_2)
FNF:3
FNH:0
FNDA:0,(anonymous_0)
FNDA:0,(anonymous_1)
FNDA:0,(anonymous_2)
DA:7,0
DA:8,0
DA:9,0
DA:10,0
DA:13,0
DA:23,1
DA:28,1
LF:7
LH:2
BRF:0
BRH:0
end_of_record
TN:
SF:src/components/Table.js
FN:4,(anonymous_0)
FNF:1
FNH:0
FNDA:0,(anonymous_0)
DA:5,0
LF:1
LH:0
BRF:0
BRH:0
end_of_record
TN:
SF:src/components/WalletForm.js
FN:15,(anonymous_0)
FN:20,(anonymous_1)
FN:27,(anonymous_2)
FN:46,(anonymous_3)
FN:88,(anonymous_4)
FN:135,(anonymous_5)
FNF:6
FNH:0
FNDA:0,(anonymous_0)
FNDA:0,(anonymous_1)
FNDA:0,(anonymous_2)
FNDA:0,(anonymous_3)
FNDA:0,(anonymous_4)
FNDA:0,(anonymous_5)
DA:7,0
DA:16,0
DA:17,0
DA:20,0
DA:21,0
DA:22,0
DA:27,0
DA:28,0
DA:29,0
DA:31,0
DA:32,0
DA:39,0
DA:40,0
DA:47,0
DA:54,0
DA:56,0
DA:89,0
DA:128,1
DA:135,1
LF:19
LH:2
BRF:0
BRH:0
end_of_record
TN:
SF:src/pages/Login.js
FN:13,(anonymous_0)
FN:30,(anonymous_1)
FN:37,(anonymous_2)
FN:45,(anonymous_3)
FNF:4
FNH:1
FNDA:0,(anonymous_0)
FNDA:0,(anonymous_1)
FNDA:0,(anonymous_2)
FNDA:1,(anonymous_3)
DA:7,1
DA:13,1
DA:14,0
DA:15,0
DA:16,0
DA:17,0
DA:18,0
DA:19,0
DA:20,0
DA:24,0
DA:30,1
DA:31,0
DA:32,0
DA:37,1
DA:38,0
DA:39,0
DA:40,0
DA:41,0
DA:42,0
DA:46,1
DA:47,1
DA:85,1
LF:22
LH:7
BRDA:19,0,0,0
BRDA:19,0,1,0
BRDA:19,1,0,0
BRDA:19,1,1,0
BRF:4
BRH:0
end_of_record
TN:
SF:src/pages/Wallet.js
FN:6,(anonymous_0)
FNF:1
FNH:0
FNDA:0,(anonymous_0)
DA:7,0
LF:1
LH:0
BRF:0
BRH:0
end_of_record
TN:
SF:src/redux/actions/index.js
FN:5,(anonymous_0)
FN:12,(anonymous_1)
FN:12,(anonymous_2)
FN:16,(anonymous_3)
FN:26,(anonymous_4)
FN:26,(anonymous_5)
FNF:6
FNH:0
FNDA:0,(anonymous_0)
FNDA:0,(anonymous_1)
FNDA:0,(anonymous_2)
FNDA:0,(anonymous_3)
FNDA:0,(anonymous_4)
FNDA:0,(anonymous_5)
DA:1,1
DA:2,1
DA:3,1
DA:5,1
DA:12,1
DA:13,0
DA:14,0
DA:15,0
DA:16,0
DA:18,0
DA:26,1
DA:27,0
DA:28,0
DA:29,0
DA:30,0
LF:15
LH:6
BRF:0
BRH:0
end_of_record
TN:
SF:src/redux/reducers/index.js
FNF:0
FNH:0
DA:5,1
LF:1
LH:1
BRF:0
BRH:0
end_of_record
TN:
SF:src/redux/reducers/user.js
FN:7,(anonymous_0)
FNF:1
FNH:1
FNDA:3,(anonymous_0)
DA:3,1
DA:7,1
DA:8,3
DA:10,0
DA:15,3
LF:5
LH:4
BRDA:7,0,0,3
BRDA:8,1,0,0
BRDA:8,1,1,3
BRF:3
BRH:2
end_of_record
TN:
SF:src/redux/reducers/wallet.js
FN:10,(anonymous_0)
FNF:1
FNH:1
FNDA:3,(anonymous_0)
DA:3,1
DA:10,1
DA:11,3
DA:13,0
DA:18,0
DA:31,3
LF:6
LH:4
BRDA:10,0,0,3
BRDA:11,1,0,0
BRDA:11,1,1,0
BRDA:11,1,2,3
BRF:4
BRH:2
end_of_record
