{"total": {"lines":{"total":138,"covered":38,"skipped":0,"pct":27.53},"statements":{"total":147,"covered":39,"skipped":0,"pct":26.53},"functions":{"total":39,"covered":10,"skipped":0,"pct":25.64},"branches":{"total":24,"covered":4,"skipped":0,"pct":16.66},"branchesTrue":{"total":0,"covered":0,"skipped":0,"pct":100}}
,"/home/marcos-ranauro/Trybe/Projetos/sd-027-b-project-trivia-react-redux/src/App.js": {"lines":{"total":1,"covered":1,"skipped":0,"pct":100},"functions":{"total":1,"covered":1,"skipped":0,"pct":100},"statements":{"total":1,"covered":1,"skipped":0,"pct":100},"branches":{"total":0,"covered":0,"skipped":0,"pct":100}}
,"/home/marcos-ranauro/Trybe/Projetos/sd-027-b-project-trivia-react-redux/src/components/Header.jsx": {"lines":{"total":5,"covered":2,"skipped":0,"pct":40},"functions":{"total":2,"covered":0,"skipped":0,"pct":0},"statements":{"total":6,"covered":2,"skipped":0,"pct":33.33},"branches":{"total":0,"covered":0,"skipped":0,"pct":100}}
,"/home/marcos-ranauro/Trybe/Projetos/sd-027-b-project-trivia-react-redux/src/components/QuestionsGame.jsx": {"lines":{"total":78,"covered":2,"skipped":0,"pct":2.56},"functions":{"total":20,"covered":0,"skipped":0,"pct":0},"statements":{"total":84,"covered":2,"skipped":0,"pct":2.38},"branches":{"total":18,"covered":0,"skipped":0,"pct":0}}
,"/home/marcos-ranauro/Trybe/Projetos/sd-027-b-project-trivia-react-redux/src/components/Shuffle.jsx": {"lines":{"total":6,"covered":0,"skipped":0,"pct":0},"functions":{"total":1,"covered":0,"skipped":0,"pct":0},"statements":{"total":6,"covered":0,"skipped":0,"pct":0},"branches":{"total":0,"covered":0,"skipped":0,"pct":100}}
,"/home/marcos-ranauro/Trybe/Projetos/sd-027-b-project-trivia-react-redux/src/pages/Feedback.jsx": {"lines":{"total":14,"covered":2,"skipped":0,"pct":14.28},"functions":{"total":5,"covered":0,"skipped":0,"pct":0},"statements":{"total":15,"covered":2,"skipped":0,"pct":13.33},"branches":{"total":2,"covered":0,"skipped":0,"pct":0}}
,"/home/marcos-ranauro/Trybe/Projetos/sd-027-b-project-trivia-react-redux/src/pages/Game.jsx": {"lines":{"total":3,"covered":1,"skipped":0,"pct":33.33},"functions":{"total":1,"covered":0,"skipped":0,"pct":0},"statements":{"total":3,"covered":1,"skipped":0,"pct":33.33},"branches":{"total":0,"covered":0,"skipped":0,"pct":100}}
,"/home/marcos-ranauro/Trybe/Projetos/sd-027-b-project-trivia-react-redux/src/pages/Login.jsx": {"lines":{"total":26,"covered":25,"skipped":0,"pct":96.15},"functions":{"total":6,"covered":6,"skipped":0,"pct":100},"statements":{"total":27,"covered":26,"skipped":0,"pct":96.29},"branches":{"total":4,"covered":4,"skipped":0,"pct":100}}
,"/home/marcos-ranauro/Trybe/Projetos/sd-027-b-project-trivia-react-redux/src/pages/Ranking.jsx": {"lines":{"total":4,"covered":4,"skipped":0,"pct":100},"functions":{"total":2,"covered":2,"skipped":0,"pct":100},"statements":{"total":4,"covered":4,"skipped":0,"pct":100},"branches":{"total":0,"covered":0,"skipped":0,"pct":100}}
,"/home/marcos-ranauro/Trybe/Projetos/sd-027-b-project-trivia-react-redux/src/pages/Settings.jsx": {"lines":{"total":1,"covered":1,"skipped":0,"pct":100},"functions":{"total":1,"covered":1,"skipped":0,"pct":100},"statements":{"total":1,"covered":1,"skipped":0,"pct":100},"branches":{"total":0,"covered":0,"skipped":0,"pct":100}}
}
